# JRE version: OpenJDK Runtime Environment (17.0.11) (build 17.0.11+0--11852314)
# Java VM: OpenJDK 64-Bit Server VM (17.0.11+0--11852314, mixed mode, tiered, compressed oops, compressed class ptrs, g1 gc, windows-amd64)
GC Precious Log:
 CPUs: 8 total, 8 available
 Memory: 6005M
 Large Page Support: Disabled
 NUMA Support: Disabled
 Compressed Oops: Enabled (32-bit)
 Heap Region Size: 1M
 Heap Min Capacity: 8M
 Heap Initial Capacity: 94M
 Heap Max Capacity: 2G
 Pre-touch: Disabled
 Parallel Workers: 8
 Concurrent Workers: 2
 Concurrent Refinement Workers: 8
 Periodic GC: Disabled
Heap:
 garbage-first heap   total 301056K, used 264192K [0x0000000080000000, 0x0000000100000000)
  region size 1024K, 12 young (12288K), 2 survivors (2048K)
 Metaspace       used 175261K, committed 176448K, reserved 1245184K
  class space    used 22770K, committed 23360K, reserved 1048576K
GC Heap History (20 events):
Event: 34.916 GC heap before
{Heap before GC invocations=67 (full 0):
 garbage-first heap   total 301056K, used 259355K [0x0000000080000000, 0x0000000100000000)
  region size 1024K, 45 young (46080K), 4 survivors (4096K)
 Metaspace       used 168345K, committed 169344K, reserved 1245184K
  class space    used 21828K, committed 22272K, reserved 1048576K
}
Event: 34.920 GC heap after
{Heap after GC invocations=68 (full 0):
 garbage-first heap   total 301056K, used 218898K [0x0000000080000000, 0x0000000100000000)
  region size 1024K, 5 young (5120K), 5 survivors (5120K)
 Metaspace       used 168345K, committed 169344K, reserved 1245184K
  class space    used 21828K, committed 22272K, reserved 1048576K
}
Event: 35.257 GC heap before
{Heap before GC invocations=68 (full 0):
 garbage-first heap   total 301056K, used 257810K [0x0000000080000000, 0x0000000100000000)
  region size 1024K, 44 young (45056K), 5 survivors (5120K)
 Metaspace       used 169066K, committed 170048K, reserved 1245184K
  class space    used 21936K, committed 22400K, reserved 1048576K
}
Event: 35.262 GC heap after
{Heap after GC invocations=69 (full 0):
 garbage-first heap   total 301056K, used 221235K [0x0000000080000000, 0x0000000100000000)
  region size 1024K, 5 young (5120K), 5 survivors (5120K)
 Metaspace       used 169066K, committed 170048K, reserved 1245184K
  class space    used 21936K, committed 22400K, reserved 1048576K
}
Event: 43.794 GC heap before
{Heap before GC invocations=69 (full 0):
 garbage-first heap   total 301056K, used 257075K [0x0000000080000000, 0x0000000100000000)
  region size 1024K, 40 young (40960K), 5 survivors (5120K)
 Metaspace       used 169510K, committed 170624K, reserved 1245184K
  class space    used 22007K, committed 22528K, reserved 1048576K
}
Event: 43.800 GC heap after
{Heap after GC invocations=70 (full 0):
 garbage-first heap   total 301056K, used 223035K [0x0000000080000000, 0x0000000100000000)
  region size 1024K, 2 young (2048K), 2 survivors (2048K)
 Metaspace       used 169510K, committed 170624K, reserved 1245184K
  class space    used 22007K, committed 22528K, reserved 1048576K
}
Event: 44.502 GC heap before
{Heap before GC invocations=70 (full 0):
 garbage-first heap   total 301056K, used 258875K [0x0000000080000000, 0x0000000100000000)
  region size 1024K, 38 young (38912K), 2 survivors (2048K)
 Metaspace       used 170544K, committed 171712K, reserved 1245184K
  class space    used 22146K, committed 22720K, reserved 1048576K
}
Event: 44.508 GC heap after
{Heap after GC invocations=71 (full 0):
 garbage-first heap   total 301056K, used 227161K [0x0000000080000000, 0x0000000100000000)
  region size 1024K, 5 young (5120K), 5 survivors (5120K)
 Metaspace       used 170544K, committed 171712K, reserved 1245184K
  class space    used 22146K, committed 22720K, reserved 1048576K
}
Event: 45.004 GC heap before
{Heap before GC invocations=71 (full 0):
 garbage-first heap   total 301056K, used 258905K [0x0000000080000000, 0x0000000100000000)
  region size 1024K, 36 young (36864K), 5 survivors (5120K)
 Metaspace       used 172040K, committed 173184K, reserved 1245184K
  class space    used 22355K, committed 22912K, reserved 1048576K
}
Event: 45.010 GC heap after
{Heap after GC invocations=72 (full 0):
 garbage-first heap   total 301056K, used 230225K [0x0000000080000000, 0x0000000100000000)
  region size 1024K, 3 young (3072K), 3 survivors (3072K)
 Metaspace       used 172040K, committed 173184K, reserved 1245184K
  class space    used 22355K, committed 22912K, reserved 1048576K
}
Event: 45.518 GC heap before
{Heap before GC invocations=72 (full 0):
 garbage-first heap   total 301056K, used 258897K [0x0000000080000000, 0x0000000100000000)
  region size 1024K, 32 young (32768K), 3 survivors (3072K)
 Metaspace       used 173011K, committed 174208K, reserved 1245184K
  class space    used 22536K, committed 23104K, reserved 1048576K
}
Event: 45.524 GC heap after
{Heap after GC invocations=73 (full 0):
 garbage-first heap   total 301056K, used 234801K [0x0000000080000000, 0x0000000100000000)
  region size 1024K, 4 young (4096K), 4 survivors (4096K)
 Metaspace       used 173011K, committed 174208K, reserved 1245184K
  class space    used 22536K, committed 23104K, reserved 1048576K
}
Event: 46.040 GC heap before
{Heap before GC invocations=73 (full 0):
 garbage-first heap   total 301056K, used 258353K [0x0000000080000000, 0x0000000100000000)
  region size 1024K, 28 young (28672K), 4 survivors (4096K)
 Metaspace       used 173757K, committed 174848K, reserved 1245184K
  class space    used 22640K, committed 23168K, reserved 1048576K
}
Event: 46.044 GC heap after
{Heap after GC invocations=74 (full 0):
 garbage-first heap   total 301056K, used 236784K [0x0000000080000000, 0x0000000100000000)
  region size 1024K, 3 young (3072K), 3 survivors (3072K)
 Metaspace       used 173757K, committed 174848K, reserved 1245184K
  class space    used 22640K, committed 23168K, reserved 1048576K
}
Event: 46.552 GC heap before
{Heap before GC invocations=74 (full 0):
 garbage-first heap   total 301056K, used 258288K [0x0000000080000000, 0x0000000100000000)
  region size 1024K, 25 young (25600K), 3 survivors (3072K)
 Metaspace       used 175135K, committed 176320K, reserved 1245184K
  class space    used 22770K, committed 23360K, reserved 1048576K
}
Event: 46.556 GC heap after
{Heap after GC invocations=75 (full 0):
 garbage-first heap   total 301056K, used 241305K [0x0000000080000000, 0x0000000100000000)
  region size 1024K, 4 young (4096K), 4 survivors (4096K)
 Metaspace       used 175135K, committed 176320K, reserved 1245184K
  class space    used 22770K, committed 23360K, reserved 1048576K
}
Event: 46.807 GC heap before
{Heap before GC invocations=75 (full 0):
 garbage-first heap   total 301056K, used 267929K [0x0000000080000000, 0x0000000100000000)
  region size 1024K, 22 young (22528K), 4 survivors (4096K)
 Metaspace       used 175180K, committed 176320K, reserved 1245184K
  class space    used 22770K, committed 23360K, reserved 1048576K
}
Event: 46.814 GC heap after
{Heap after GC invocations=76 (full 0):
 garbage-first heap   total 301056K, used 253073K [0x0000000080000000, 0x0000000100000000)
  region size 1024K, 3 young (3072K), 3 survivors (3072K)
 Metaspace       used 175180K, committed 176320K, reserved 1245184K
  class space    used 22770K, committed 23360K, reserved 1048576K
}
Event: 46.959 GC heap before
{Heap before GC invocations=76 (full 0):
 garbage-first heap   total 301056K, used 263313K [0x0000000080000000, 0x0000000100000000)
  region size 1024K, 14 young (14336K), 3 survivors (3072K)
 Metaspace       used 175252K, committed 176448K, reserved 1245184K
  class space    used 22770K, committed 23360K, reserved 1048576K
}
Event: 46.967 GC heap after
{Heap after GC invocations=77 (full 0):
 garbage-first heap   total 301056K, used 259072K [0x0000000080000000, 0x0000000100000000)
  region size 1024K, 2 young (2048K), 2 survivors (2048K)
 Metaspace       used 175252K, committed 176448K, reserved 1245184K
  class space    used 22770K, committed 23360K, reserved 1048576K
}

