# JRE version: OpenJDK Runtime Environment (17.0.11) (build 17.0.11+0--11852314)
# Java VM: OpenJDK 64-Bit Server VM (17.0.11+0--11852314, mixed mode, tiered, compressed oops, compressed class ptrs, g1 gc, windows-amd64)
GC Precious Log:
 CPUs: 8 total, 8 available
 Memory: 6005M
 Large Page Support: Disabled
 NUMA Support: Disabled
 Compressed Oops: Enabled (32-bit)
 Heap Region Size: 1M
 Heap Min Capacity: 8M
 Heap Initial Capacity: 94M
 Heap Max Capacity: 2G
 Pre-touch: Disabled
 Parallel Workers: 8
 Concurrent Workers: 2
 Concurrent Refinement Workers: 8
 Periodic GC: Disabled
Heap:
 garbage-first heap   total 386048K, used 131731K [0x0000000080000000, 0x0000000100000000)
  region size 1024K, 2 young (2048K), 2 survivors (2048K)
 Metaspace       used 147356K, committed 148864K, reserved 1245184K
  class space    used 19984K, committed 20800K, reserved 1048576K
GC Heap History (20 events):
Event: 4182.166 GC heap after
{Heap after GC invocations=103 (full 0):
 garbage-first heap   total 290816K, used 98052K [0x0000000080000000, 0x0000000100000000)
  region size 1024K, 2 young (2048K), 2 survivors (2048K)
 Metaspace       used 144156K, committed 146816K, reserved 1245184K
  class space    used 19754K, committed 20800K, reserved 1048576K
}
Event: 4182.426 GC heap before
{Heap before GC invocations=103 (full 0):
 garbage-first heap   total 290816K, used 105220K [0x0000000080000000, 0x0000000100000000)
  region size 1024K, 11 young (11264K), 2 survivors (2048K)
 Metaspace       used 144261K, committed 146816K, reserved 1245184K
  class space    used 19768K, committed 20800K, reserved 1048576K
}
Event: 4182.434 GC heap after
{Heap after GC invocations=104 (full 0):
 garbage-first heap   total 581632K, used 101245K [0x0000000080000000, 0x0000000100000000)
  region size 1024K, 5 young (5120K), 5 survivors (5120K)
 Metaspace       used 144261K, committed 146816K, reserved 1245184K
  class space    used 19768K, committed 20800K, reserved 1048576K
}
Event: 4182.898 GC heap before
{Heap before GC invocations=105 (full 0):
 garbage-first heap   total 386048K, used 152445K [0x0000000080000000, 0x0000000100000000)
  region size 1024K, 52 young (53248K), 5 survivors (5120K)
 Metaspace       used 146482K, committed 148032K, reserved 1245184K
  class space    used 19929K, committed 20800K, reserved 1048576K
}
Event: 4182.917 GC heap after
{Heap after GC invocations=106 (full 0):
 garbage-first heap   total 386048K, used 113839K [0x0000000080000000, 0x0000000100000000)
  region size 1024K, 7 young (7168K), 7 survivors (7168K)
 Metaspace       used 146482K, committed 148032K, reserved 1245184K
  class space    used 19929K, committed 20800K, reserved 1048576K
}
Event: 4183.055 GC heap before
{Heap before GC invocations=106 (full 0):
 garbage-first heap   total 386048K, used 125103K [0x0000000080000000, 0x0000000100000000)
  region size 1024K, 18 young (18432K), 7 survivors (7168K)
 Metaspace       used 146558K, committed 148096K, reserved 1245184K
  class space    used 19929K, committed 20800K, reserved 1048576K
}
Event: 4183.069 GC heap after
{Heap after GC invocations=107 (full 0):
 garbage-first heap   total 386048K, used 111238K [0x0000000080000000, 0x0000000100000000)
  region size 1024K, 3 young (3072K), 3 survivors (3072K)
 Metaspace       used 146558K, committed 148096K, reserved 1245184K
  class space    used 19929K, committed 20800K, reserved 1048576K
}
Event: 4183.555 GC heap before
{Heap before GC invocations=107 (full 0):
 garbage-first heap   total 386048K, used 146054K [0x0000000080000000, 0x0000000100000000)
  region size 1024K, 39 young (39936K), 3 survivors (3072K)
 Metaspace       used 146928K, committed 148480K, reserved 1245184K
  class space    used 19955K, committed 20800K, reserved 1048576K
}
Event: 4183.561 GC heap after
{Heap after GC invocations=108 (full 0):
 garbage-first heap   total 386048K, used 111538K [0x0000000080000000, 0x0000000100000000)
  region size 1024K, 3 young (3072K), 3 survivors (3072K)
 Metaspace       used 146928K, committed 148480K, reserved 1245184K
  class space    used 19955K, committed 20800K, reserved 1048576K
}
Event: 4565.580 GC heap before
{Heap before GC invocations=109 (full 0):
 garbage-first heap   total 386048K, used 238514K [0x0000000080000000, 0x0000000100000000)
  region size 1024K, 81 young (82944K), 3 survivors (3072K)
 Metaspace       used 147024K, committed 148544K, reserved 1245184K
  class space    used 19959K, committed 20800K, reserved 1048576K
}
Event: 4565.719 GC heap after
{Heap after GC invocations=110 (full 0):
 garbage-first heap   total 386048K, used 125637K [0x0000000080000000, 0x0000000100000000)
  region size 1024K, 11 young (11264K), 11 survivors (11264K)
 Metaspace       used 147024K, committed 148544K, reserved 1245184K
  class space    used 19959K, committed 20800K, reserved 1048576K
}
Event: 4565.913 GC heap before
{Heap before GC invocations=110 (full 0):
 garbage-first heap   total 386048K, used 132805K [0x0000000080000000, 0x0000000100000000)
  region size 1024K, 18 young (18432K), 11 survivors (11264K)
 Metaspace       used 147031K, committed 148544K, reserved 1245184K
  class space    used 19959K, committed 20800K, reserved 1048576K
}
Event: 4566.027 GC heap after
{Heap after GC invocations=111 (full 0):
 garbage-first heap   total 386048K, used 129458K [0x0000000080000000, 0x0000000100000000)
  region size 1024K, 3 young (3072K), 3 survivors (3072K)
 Metaspace       used 147031K, committed 148544K, reserved 1245184K
  class space    used 19959K, committed 20800K, reserved 1048576K
}
Event: 4566.513 GC heap before
{Heap before GC invocations=111 (full 0):
 garbage-first heap   total 386048K, used 157106K [0x0000000080000000, 0x0000000100000000)
  region size 1024K, 31 young (31744K), 3 survivors (3072K)
 Metaspace       used 147055K, committed 148608K, reserved 1245184K
  class space    used 19960K, committed 20800K, reserved 1048576K
}
Event: 4566.543 GC heap after
{Heap after GC invocations=112 (full 0):
 garbage-first heap   total 386048K, used 143691K [0x0000000080000000, 0x0000000100000000)
  region size 1024K, 12 young (12288K), 12 survivors (12288K)
 Metaspace       used 147055K, committed 148608K, reserved 1245184K
  class space    used 19960K, committed 20800K, reserved 1048576K
}
Event: 4571.120 GC heap before
{Heap before GC invocations=113 (full 0):
 garbage-first heap   total 386048K, used 207179K [0x0000000080000000, 0x0000000100000000)
  region size 1024K, 61 young (62464K), 12 survivors (12288K)
 Metaspace       used 147325K, committed 148864K, reserved 1245184K
  class space    used 19984K, committed 20800K, reserved 1048576K
}
Event: 4571.183 GC heap after
{Heap after GC invocations=114 (full 0):
 garbage-first heap   total 386048K, used 148108K [0x0000000080000000, 0x0000000100000000)
  region size 1024K, 8 young (8192K), 8 survivors (8192K)
 Metaspace       used 147325K, committed 148864K, reserved 1245184K
  class space    used 19984K, committed 20800K, reserved 1048576K
}
Event: 4571.284 GC heap before
{Heap before GC invocations=114 (full 0):
 garbage-first heap   total 386048K, used 157324K [0x0000000080000000, 0x0000000100000000)
  region size 1024K, 18 young (18432K), 8 survivors (8192K)
 Metaspace       used 147335K, committed 148864K, reserved 1245184K
  class space    used 19984K, committed 20800K, reserved 1048576K
}
Event: 4571.297 GC heap after
{Heap after GC invocations=115 (full 0):
 garbage-first heap   total 386048K, used 131769K [0x0000000080000000, 0x0000000100000000)
  region size 1024K, 2 young (2048K), 2 survivors (2048K)
 Metaspace       used 147335K, committed 148864K, reserved 1245184K
  class space    used 19984K, committed 20800K, reserved 1048576K
}
Event: 4571.420 GC heap before
{Heap before GC invocations=115 (full 0):
 garbage-first heap   total 386048K, used 138937K [0x0000000080000000, 0x0000000100000000)
  region size 1024K, 11 young (11264K), 2 survivors (2048K)
 Metaspace       used 147356K, committed 148864K, reserved 1245184K
  class space    used 19984K, committed 20800K, reserved 1048576K
}

