# JRE version: OpenJDK Runtime Environment (17.0.11) (build 17.0.11+0--11852314)
# Java VM: OpenJDK 64-Bit Server VM (17.0.11+0--11852314, mixed mode, tiered, compressed oops, compressed class ptrs, g1 gc, windows-amd64)
GC Precious Log:
 CPUs: 8 total, 8 available
 Memory: 6005M
 Large Page Support: Disabled
 NUMA Support: Disabled
 Compressed Oops: Enabled (32-bit)
 Heap Region Size: 1M
 Heap Min Capacity: 8M
 Heap Initial Capacity: 94M
 Heap Max Capacity: 2G
 Pre-touch: Disabled
 Parallel Workers: 8
 Concurrent Workers: 2
 Concurrent Refinement Workers: 8
 Periodic GC: Disabled
Heap:
 garbage-first heap   total 145408K, used 85184K [0x0000000080000000, 0x0000000100000000)
  region size 1024K, 27 young (27648K), 1 survivors (1024K)
 Metaspace       used 67377K, committed 67968K, reserved 1114112K
  class space    used 9192K, committed 9472K, reserved 1048576K
GC Heap History (20 events):
Event: 8.372 GC heap before
{Heap before GC invocations=20 (full 0):
 garbage-first heap   total 73728K, used 56227K [0x0000000080000000, 0x0000000100000000)
  region size 1024K, 21 young (21504K), 4 survivors (4096K)
 Metaspace       used 56394K, committed 56896K, reserved 1114112K
  class space    used 7735K, committed 8000K, reserved 1048576K
}
Event: 8.374 GC heap after
{Heap after GC invocations=21 (full 0):
 garbage-first heap   total 73728K, used 40749K [0x0000000080000000, 0x0000000100000000)
  region size 1024K, 3 young (3072K), 3 survivors (3072K)
 Metaspace       used 56394K, committed 56896K, reserved 1114112K
  class space    used 7735K, committed 8000K, reserved 1048576K
}
Event: 8.481 GC heap before
{Heap before GC invocations=21 (full 0):
 garbage-first heap   total 73728K, used 48941K [0x0000000080000000, 0x0000000100000000)
  region size 1024K, 13 young (13312K), 3 survivors (3072K)
 Metaspace       used 56693K, committed 57280K, reserved 1114112K
  class space    used 7772K, committed 8064K, reserved 1048576K
}
Event: 8.483 GC heap after
{Heap after GC invocations=22 (full 0):
 garbage-first heap   total 73728K, used 41568K [0x0000000080000000, 0x0000000100000000)
  region size 1024K, 2 young (2048K), 2 survivors (2048K)
 Metaspace       used 56693K, committed 57280K, reserved 1114112K
  class space    used 7772K, committed 8064K, reserved 1048576K
}
Event: 8.779 GC heap before
{Heap before GC invocations=23 (full 0):
 garbage-first heap   total 75776K, used 62048K [0x0000000080000000, 0x0000000100000000)
  region size 1024K, 17 young (17408K), 2 survivors (2048K)
 Metaspace       used 57436K, committed 58048K, reserved 1114112K
  class space    used 7902K, committed 8192K, reserved 1048576K
}
Event: 8.781 GC heap after
{Heap after GC invocations=24 (full 0):
 garbage-first heap   total 75776K, used 51584K [0x0000000080000000, 0x0000000100000000)
  region size 1024K, 3 young (3072K), 3 survivors (3072K)
 Metaspace       used 57436K, committed 58048K, reserved 1114112K
  class space    used 7902K, committed 8192K, reserved 1048576K
}
Event: 8.796 GC heap before
{Heap before GC invocations=24 (full 0):
 garbage-first heap   total 75776K, used 52608K [0x0000000080000000, 0x0000000100000000)
  region size 1024K, 4 young (4096K), 3 survivors (3072K)
 Metaspace       used 57509K, committed 58048K, reserved 1114112K
  class space    used 7917K, committed 8192K, reserved 1048576K
}
Event: 8.798 GC heap after
{Heap after GC invocations=25 (full 0):
 garbage-first heap   total 75776K, used 51155K [0x0000000080000000, 0x0000000100000000)
  region size 1024K, 1 young (1024K), 1 survivors (1024K)
 Metaspace       used 57509K, committed 58048K, reserved 1114112K
  class space    used 7917K, committed 8192K, reserved 1048576K
}
Event: 8.914 GC heap before
{Heap before GC invocations=25 (full 0):
 garbage-first heap   total 75776K, used 58323K [0x0000000080000000, 0x0000000100000000)
  region size 1024K, 9 young (9216K), 1 survivors (1024K)
 Metaspace       used 58099K, committed 58688K, reserved 1114112K
  class space    used 7982K, committed 8256K, reserved 1048576K
}
Event: 8.915 GC heap after
{Heap after GC invocations=26 (full 0):
 garbage-first heap   total 75776K, used 51249K [0x0000000080000000, 0x0000000100000000)
  region size 1024K, 1 young (1024K), 1 survivors (1024K)
 Metaspace       used 58099K, committed 58688K, reserved 1114112K
  class space    used 7982K, committed 8256K, reserved 1048576K
}
Event: 9.053 GC heap before
{Heap before GC invocations=27 (full 0):
 garbage-first heap   total 92160K, used 60465K [0x0000000080000000, 0x0000000100000000)
  region size 1024K, 10 young (10240K), 1 survivors (1024K)
 Metaspace       used 58693K, committed 59264K, reserved 1114112K
  class space    used 8056K, committed 8320K, reserved 1048576K
}
Event: 9.054 GC heap after
{Heap after GC invocations=28 (full 0):
 garbage-first heap   total 92160K, used 53048K [0x0000000080000000, 0x0000000100000000)
  region size 1024K, 2 young (2048K), 2 survivors (2048K)
 Metaspace       used 58693K, committed 59264K, reserved 1114112K
  class space    used 8056K, committed 8320K, reserved 1048576K
}
Event: 9.087 GC heap before
{Heap before GC invocations=28 (full 0):
 garbage-first heap   total 92160K, used 54072K [0x0000000080000000, 0x0000000100000000)
  region size 1024K, 4 young (4096K), 2 survivors (2048K)
 Metaspace       used 58908K, committed 59520K, reserved 1114112K
  class space    used 8084K, committed 8384K, reserved 1048576K
}
Event: 9.089 GC heap after
{Heap after GC invocations=29 (full 0):
 garbage-first heap   total 92160K, used 52677K [0x0000000080000000, 0x0000000100000000)
  region size 1024K, 1 young (1024K), 1 survivors (1024K)
 Metaspace       used 58908K, committed 59520K, reserved 1114112K
  class space    used 8084K, committed 8384K, reserved 1048576K
}
Event: 9.324 GC heap before
{Heap before GC invocations=29 (full 0):
 garbage-first heap   total 92160K, used 68037K [0x0000000080000000, 0x0000000100000000)
  region size 1024K, 17 young (17408K), 1 survivors (1024K)
 Metaspace       used 60237K, committed 60864K, reserved 1114112K
  class space    used 8270K, committed 8576K, reserved 1048576K
}
Event: 9.326 GC heap after
{Heap after GC invocations=30 (full 0):
 garbage-first heap   total 145408K, used 52959K [0x0000000080000000, 0x0000000100000000)
  region size 1024K, 1 young (1024K), 1 survivors (1024K)
 Metaspace       used 60237K, committed 60864K, reserved 1114112K
  class space    used 8270K, committed 8576K, reserved 1048576K
}
Event: 10.172 GC heap before
{Heap before GC invocations=31 (full 0):
 garbage-first heap   total 145408K, used 98015K [0x0000000080000000, 0x0000000100000000)
  region size 1024K, 45 young (46080K), 1 survivors (1024K)
 Metaspace       used 64930K, committed 65536K, reserved 1114112K
  class space    used 8861K, committed 9152K, reserved 1048576K
}
Event: 10.175 GC heap after
{Heap after GC invocations=32 (full 0):
 garbage-first heap   total 145408K, used 54257K [0x0000000080000000, 0x0000000100000000)
  region size 1024K, 2 young (2048K), 2 survivors (2048K)
 Metaspace       used 64930K, committed 65536K, reserved 1114112K
  class space    used 8861K, committed 9152K, reserved 1048576K
}
Event: 10.275 GC heap before
{Heap before GC invocations=32 (full 0):
 garbage-first heap   total 145408K, used 59377K [0x0000000080000000, 0x0000000100000000)
  region size 1024K, 7 young (7168K), 2 survivors (2048K)
 Metaspace       used 65385K, committed 65984K, reserved 1114112K
  class space    used 8929K, committed 9216K, reserved 1048576K
}
Event: 10.278 GC heap after
{Heap after GC invocations=33 (full 0):
 garbage-first heap   total 145408K, used 54464K [0x0000000080000000, 0x0000000100000000)
  region size 1024K, 1 young (1024K), 1 survivors (1024K)
 Metaspace       used 65385K, committed 65984K, reserved 1114112K
  class space    used 8929K, committed 9216K, reserved 1048576K
}

