# JRE version: OpenJDK Runtime Environment (17.0.11) (build 17.0.11+0--11852314)
# Java VM: OpenJDK 64-Bit Server VM (17.0.11+0--11852314, mixed mode, tiered, compressed oops, compressed class ptrs, g1 gc, windows-amd64)
GC Precious Log:
 CPUs: 8 total, 8 available
 Memory: 6005M
 Large Page Support: Disabled
 NUMA Support: Disabled
 Compressed Oops: Enabled (32-bit)
 Heap Region Size: 1M
 Heap Min Capacity: 8M
 Heap Initial Capacity: 94M
 Heap Max Capacity: 2G
 Pre-touch: Disabled
 Parallel Workers: 8
 Concurrent Workers: 2
 Concurrent Refinement Workers: 8
 Periodic GC: Disabled
Heap:
 garbage-first heap   total 398336K, used 306096K [0x0000000080000000, 0x0000000100000000)
  region size 1024K, 23 young (23552K), 7 survivors (7168K)
 Metaspace       used 183703K, committed 184896K, reserved 1245184K
  class space    used 23761K, committed 24320K, reserved 1048576K
GC Heap History (20 events):
Event: 52.922 GC heap before
{Heap before GC invocations=72 (full 0):
 garbage-first heap   total 352256K, used 294887K [0x0000000080000000, 0x0000000100000000)
  region size 1024K, 110 young (112640K), 11 survivors (11264K)
 Metaspace       used 176023K, committed 177088K, reserved 1245184K
  class space    used 22731K, committed 23232K, reserved 1048576K
}
Event: 52.930 GC heap after
{Heap after GC invocations=73 (full 0):
 garbage-first heap   total 352256K, used 196544K [0x0000000080000000, 0x0000000100000000)
  region size 1024K, 10 young (10240K), 10 survivors (10240K)
 Metaspace       used 176023K, committed 177088K, reserved 1245184K
  class space    used 22731K, committed 23232K, reserved 1048576K
}
Event: 54.318 GC heap before
{Heap before GC invocations=74 (full 0):
 garbage-first heap   total 352256K, used 295872K [0x0000000080000000, 0x0000000100000000)
  region size 1024K, 107 young (109568K), 10 survivors (10240K)
 Metaspace       used 176023K, committed 177088K, reserved 1245184K
  class space    used 22731K, committed 23232K, reserved 1048576K
}
Event: 54.332 GC heap after
{Heap after GC invocations=75 (full 0):
 garbage-first heap   total 352256K, used 200588K [0x0000000080000000, 0x0000000100000000)
  region size 1024K, 10 young (10240K), 10 survivors (10240K)
 Metaspace       used 176023K, committed 177088K, reserved 1245184K
  class space    used 22731K, committed 23232K, reserved 1048576K
}
Event: 54.415 GC heap before
{Heap before GC invocations=75 (full 0):
 garbage-first heap   total 352256K, used 207756K [0x0000000080000000, 0x0000000100000000)
  region size 1024K, 17 young (17408K), 10 survivors (10240K)
 Metaspace       used 176023K, committed 177088K, reserved 1245184K
  class space    used 22731K, committed 23232K, reserved 1048576K
}
Event: 54.428 GC heap after
{Heap after GC invocations=76 (full 0):
 garbage-first heap   total 352256K, used 198599K [0x0000000080000000, 0x0000000100000000)
  region size 1024K, 3 young (3072K), 3 survivors (3072K)
 Metaspace       used 176023K, committed 177088K, reserved 1245184K
  class space    used 22731K, committed 23232K, reserved 1048576K
}
Event: 55.399 GC heap before
{Heap before GC invocations=76 (full 0):
 garbage-first heap   total 352256K, used 296903K [0x0000000080000000, 0x0000000100000000)
  region size 1024K, 99 young (101376K), 3 survivors (3072K)
 Metaspace       used 176023K, committed 177088K, reserved 1245184K
  class space    used 22731K, committed 23232K, reserved 1048576K
}
Event: 55.405 GC heap after
{Heap after GC invocations=77 (full 0):
 garbage-first heap   total 352256K, used 201444K [0x0000000080000000, 0x0000000100000000)
  region size 1024K, 6 young (6144K), 6 survivors (6144K)
 Metaspace       used 176023K, committed 177088K, reserved 1245184K
  class space    used 22731K, committed 23232K, reserved 1048576K
}
Event: 538.183 GC heap before
{Heap before GC invocations=77 (full 0):
 garbage-first heap   total 352256K, used 296676K [0x0000000080000000, 0x0000000100000000)
  region size 1024K, 100 young (102400K), 6 survivors (6144K)
 Metaspace       used 177263K, committed 178432K, reserved 1245184K
  class space    used 22907K, committed 23488K, reserved 1048576K
}
Event: 538.316 GC heap after
{Heap after GC invocations=78 (full 0):
 garbage-first heap   total 352256K, used 206154K [0x0000000080000000, 0x0000000100000000)
  region size 1024K, 11 young (11264K), 11 survivors (11264K)
 Metaspace       used 177263K, committed 178432K, reserved 1245184K
  class space    used 22907K, committed 23488K, reserved 1048576K
}
Event: 542.456 GC heap before
{Heap before GC invocations=78 (full 0):
 garbage-first heap   total 352256K, used 296266K [0x0000000080000000, 0x0000000100000000)
  region size 1024K, 99 young (101376K), 11 survivors (11264K)
 Metaspace       used 180979K, committed 182144K, reserved 1245184K
  class space    used 23496K, committed 24064K, reserved 1048576K
}
Event: 542.533 GC heap after
{Heap after GC invocations=79 (full 0):
 garbage-first heap   total 352256K, used 213821K [0x0000000080000000, 0x0000000100000000)
  region size 1024K, 9 young (9216K), 9 survivors (9216K)
 Metaspace       used 180979K, committed 182144K, reserved 1245184K
  class space    used 23496K, committed 24064K, reserved 1048576K
}
Event: 545.210 GC heap before
{Heap before GC invocations=80 (full 0):
 garbage-first heap   total 398336K, used 292669K [0x0000000080000000, 0x0000000100000000)
  region size 1024K, 85 young (87040K), 9 survivors (9216K)
 Metaspace       used 182784K, committed 183936K, reserved 1245184K
  class space    used 23701K, committed 24256K, reserved 1048576K
}
Event: 545.242 GC heap after
{Heap after GC invocations=81 (full 0):
 garbage-first heap   total 398336K, used 235681K [0x0000000080000000, 0x0000000100000000)
  region size 1024K, 11 young (11264K), 11 survivors (11264K)
 Metaspace       used 182784K, committed 183936K, reserved 1245184K
  class space    used 23701K, committed 24256K, reserved 1048576K
}
Event: 545.403 GC heap before
{Heap before GC invocations=81 (full 0):
 garbage-first heap   total 398336K, used 242849K [0x0000000080000000, 0x0000000100000000)
  region size 1024K, 19 young (19456K), 11 survivors (11264K)
 Metaspace       used 182811K, committed 184000K, reserved 1245184K
  class space    used 23701K, committed 24256K, reserved 1048576K
}
Event: 545.428 GC heap after
{Heap after GC invocations=82 (full 0):
 garbage-first heap   total 398336K, used 238895K [0x0000000080000000, 0x0000000100000000)
  region size 1024K, 3 young (3072K), 3 survivors (3072K)
 Metaspace       used 182811K, committed 184000K, reserved 1245184K
  class space    used 23701K, committed 24256K, reserved 1048576K
}
Event: 546.645 GC heap before
{Heap before GC invocations=82 (full 0):
 garbage-first heap   total 398336K, used 336175K [0x0000000080000000, 0x0000000100000000)
  region size 1024K, 81 young (82944K), 3 survivors (3072K)
 Metaspace       used 183402K, committed 184512K, reserved 1245184K
  class space    used 23737K, committed 24256K, reserved 1048576K
}
Event: 546.661 GC heap after
{Heap after GC invocations=83 (full 0):
 garbage-first heap   total 398336K, used 265954K [0x0000000080000000, 0x0000000100000000)
  region size 1024K, 11 young (11264K), 11 survivors (11264K)
 Metaspace       used 183402K, committed 184512K, reserved 1245184K
  class space    used 23737K, committed 24256K, reserved 1048576K
}
Event: 546.858 GC heap before
{Heap before GC invocations=83 (full 0):
 garbage-first heap   total 398336K, used 281314K [0x0000000080000000, 0x0000000100000000)
  region size 1024K, 28 young (28672K), 11 survivors (11264K)
 Metaspace       used 183441K, committed 184640K, reserved 1245184K
  class space    used 23740K, committed 24320K, reserved 1048576K
}
Event: 546.869 GC heap after
{Heap after GC invocations=84 (full 0):
 garbage-first heap   total 398336K, used 274352K [0x0000000080000000, 0x0000000100000000)
  region size 1024K, 7 young (7168K), 7 survivors (7168K)
 Metaspace       used 183441K, committed 184640K, reserved 1245184K
  class space    used 23740K, committed 24320K, reserved 1048576K
}

