# JRE version: OpenJDK Runtime Environment (17.0.11) (build 17.0.11+0--11852314)
# Java VM: OpenJDK 64-Bit Server VM (17.0.11+0--11852314, mixed mode, tiered, compressed oops, compressed class ptrs, g1 gc, windows-amd64)
GC Precious Log:
 CPUs: 8 total, 8 available
 Memory: 6005M
 Large Page Support: Disabled
 NUMA Support: Disabled
 Compressed Oops: Enabled (32-bit)
 Heap Region Size: 1M
 Heap Min Capacity: 8M
 Heap Initial Capacity: 94M
 Heap Max Capacity: 2G
 Pre-touch: Disabled
 Parallel Workers: 8
 Concurrent Workers: 2
 Concurrent Refinement Workers: 8
 Periodic GC: Disabled
Heap:
 garbage-first heap   total 99328K, used 67790K [0x0000000080000000, 0x0000000100000000)
  region size 1024K, 14 young (14336K), 1 survivors (1024K)
 Metaspace       used 63003K, committed 63616K, reserved 1114112K
  class space    used 8563K, committed 8832K, reserved 1048576K
GC Heap History (20 events):
Event: 5.469 GC heap before
{Heap before GC invocations=11 (full 0):
 garbage-first heap   total 75776K, used 56545K [0x0000000080000000, 0x0000000100000000)
  region size 1024K, 29 young (29696K), 2 survivors (2048K)
 Metaspace       used 45867K, committed 46336K, reserved 1114112K
  class space    used 6224K, committed 6464K, reserved 1048576K
}
Event: 5.473 GC heap after
{Heap after GC invocations=12 (full 0):
 garbage-first heap   total 91136K, used 31848K [0x0000000080000000, 0x0000000100000000)
  region size 1024K, 4 young (4096K), 4 survivors (4096K)
 Metaspace       used 45867K, committed 46336K, reserved 1114112K
  class space    used 6224K, committed 6464K, reserved 1048576K
}
Event: 6.063 GC heap before
{Heap before GC invocations=12 (full 0):
 garbage-first heap   total 91136K, used 69736K [0x0000000080000000, 0x0000000100000000)
  region size 1024K, 41 young (41984K), 4 survivors (4096K)
 Metaspace       used 50829K, committed 51328K, reserved 1114112K
  class space    used 7009K, committed 7232K, reserved 1048576K
}
Event: 6.067 GC heap after
{Heap after GC invocations=13 (full 0):
 garbage-first heap   total 91136K, used 34086K [0x0000000080000000, 0x0000000100000000)
  region size 1024K, 5 young (5120K), 5 survivors (5120K)
 Metaspace       used 50829K, committed 51328K, reserved 1114112K
  class space    used 7009K, committed 7232K, reserved 1048576K
}
Event: 6.801 GC heap before
{Heap before GC invocations=13 (full 0):
 garbage-first heap   total 91136K, used 71974K [0x0000000080000000, 0x0000000100000000)
  region size 1024K, 41 young (41984K), 5 survivors (5120K)
 Metaspace       used 55502K, committed 56000K, reserved 1114112K
  class space    used 7627K, committed 7872K, reserved 1048576K
}
Event: 6.806 GC heap after
{Heap after GC invocations=14 (full 0):
 garbage-first heap   total 91136K, used 36829K [0x0000000080000000, 0x0000000100000000)
  region size 1024K, 5 young (5120K), 5 survivors (5120K)
 Metaspace       used 55502K, committed 56000K, reserved 1114112K
  class space    used 7627K, committed 7872K, reserved 1048576K
}
Event: 7.298 GC heap before
{Heap before GC invocations=14 (full 0):
 garbage-first heap   total 91136K, used 71645K [0x0000000080000000, 0x0000000100000000)
  region size 1024K, 39 young (39936K), 5 survivors (5120K)
 Metaspace       used 56496K, committed 57024K, reserved 1114112K
  class space    used 7738K, committed 8000K, reserved 1048576K
}
Event: 7.304 GC heap after
{Heap after GC invocations=15 (full 0):
 garbage-first heap   total 91136K, used 40368K [0x0000000080000000, 0x0000000100000000)
  region size 1024K, 5 young (5120K), 5 survivors (5120K)
 Metaspace       used 56496K, committed 57024K, reserved 1114112K
  class space    used 7738K, committed 8000K, reserved 1048576K
}
Event: 7.584 GC heap before
{Heap before GC invocations=15 (full 0):
 garbage-first heap   total 91136K, used 64944K [0x0000000080000000, 0x0000000100000000)
  region size 1024K, 27 young (27648K), 5 survivors (5120K)
 Metaspace       used 57173K, committed 57728K, reserved 1114112K
  class space    used 7839K, committed 8128K, reserved 1048576K
}
Event: 7.589 GC heap after
{Heap after GC invocations=16 (full 0):
 garbage-first heap   total 91136K, used 49793K [0x0000000080000000, 0x0000000100000000)
  region size 1024K, 5 young (5120K), 5 survivors (5120K)
 Metaspace       used 57173K, committed 57728K, reserved 1114112K
  class space    used 7839K, committed 8128K, reserved 1048576K
}
Event: 7.855 GC heap before
{Heap before GC invocations=17 (full 0):
 garbage-first heap   total 91136K, used 72321K [0x0000000080000000, 0x0000000100000000)
  region size 1024K, 24 young (24576K), 5 survivors (5120K)
 Metaspace       used 58364K, committed 58880K, reserved 1114112K
  class space    used 8004K, committed 8256K, reserved 1048576K
}
Event: 7.858 GC heap after
{Heap after GC invocations=18 (full 0):
 garbage-first heap   total 91136K, used 55329K [0x0000000080000000, 0x0000000100000000)
  region size 1024K, 3 young (3072K), 3 survivors (3072K)
 Metaspace       used 58364K, committed 58880K, reserved 1114112K
  class space    used 8004K, committed 8256K, reserved 1048576K
}
Event: 7.868 GC heap before
{Heap before GC invocations=18 (full 0):
 garbage-first heap   total 91136K, used 56353K [0x0000000080000000, 0x0000000100000000)
  region size 1024K, 4 young (4096K), 3 survivors (3072K)
 Metaspace       used 58411K, committed 59008K, reserved 1114112K
  class space    used 8016K, committed 8320K, reserved 1048576K
}
Event: 7.870 GC heap after
{Heap after GC invocations=19 (full 0):
 garbage-first heap   total 91136K, used 55284K [0x0000000080000000, 0x0000000100000000)
  region size 1024K, 1 young (1024K), 1 survivors (1024K)
 Metaspace       used 58411K, committed 59008K, reserved 1114112K
  class space    used 8016K, committed 8320K, reserved 1048576K
}
Event: 8.091 GC heap before
{Heap before GC invocations=19 (full 0):
 garbage-first heap   total 91136K, used 70644K [0x0000000080000000, 0x0000000100000000)
  region size 1024K, 17 young (17408K), 1 survivors (1024K)
 Metaspace       used 59740K, committed 60416K, reserved 1114112K
  class space    used 8199K, committed 8512K, reserved 1048576K
}
Event: 8.092 GC heap after
{Heap after GC invocations=20 (full 0):
 garbage-first heap   total 91136K, used 55474K [0x0000000080000000, 0x0000000100000000)
  region size 1024K, 1 young (1024K), 1 survivors (1024K)
 Metaspace       used 59740K, committed 60416K, reserved 1114112K
  class space    used 8199K, committed 8512K, reserved 1048576K
}
Event: 8.337 GC heap before
{Heap before GC invocations=21 (full 0):
 garbage-first heap   total 99328K, used 71858K [0x0000000080000000, 0x0000000100000000)
  region size 1024K, 18 young (18432K), 1 survivors (1024K)
 Metaspace       used 61165K, committed 61760K, reserved 1114112K
  class space    used 8382K, committed 8704K, reserved 1048576K
}
Event: 8.339 GC heap after
{Heap after GC invocations=22 (full 0):
 garbage-first heap   total 99328K, used 56239K [0x0000000080000000, 0x0000000100000000)
  region size 1024K, 2 young (2048K), 2 survivors (2048K)
 Metaspace       used 61165K, committed 61760K, reserved 1114112K
  class space    used 8382K, committed 8704K, reserved 1048576K
}
Event: 8.359 GC heap before
{Heap before GC invocations=22 (full 0):
 garbage-first heap   total 99328K, used 58287K [0x0000000080000000, 0x0000000100000000)
  region size 1024K, 4 young (4096K), 2 survivors (2048K)
 Metaspace       used 61475K, committed 62080K, reserved 1114112K
  class space    used 8397K, committed 8704K, reserved 1048576K
}
Event: 8.361 GC heap after
{Heap after GC invocations=23 (full 0):
 garbage-first heap   total 99328K, used 55502K [0x0000000080000000, 0x0000000100000000)
  region size 1024K, 1 young (1024K), 1 survivors (1024K)
 Metaspace       used 61475K, committed 62080K, reserved 1114112K
  class space    used 8397K, committed 8704K, reserved 1048576K
}

