# JRE version: OpenJDK Runtime Environment (17.0.11) (build 17.0.11+0--11852314)
# Java VM: OpenJDK 64-Bit Server VM (17.0.11+0--11852314, mixed mode, tiered, compressed oops, compressed class ptrs, g1 gc, windows-amd64)
GC Precious Log:
 CPUs: 8 total, 8 available
 Memory: 6005M
 Large Page Support: Disabled
 NUMA Support: Disabled
 Compressed Oops: Enabled (32-bit)
 Heap Region Size: 1M
 Heap Min Capacity: 8M
 Heap Initial Capacity: 94M
 Heap Max Capacity: 2G
 Pre-touch: Disabled
 Parallel Workers: 8
 Concurrent Workers: 2
 Concurrent Refinement Workers: 8
 Periodic GC: Disabled
Heap:
 garbage-first heap   total 250880K, used 139791K [0x0000000080000000, 0x0000000100000000)
  region size 1024K, 9 young (9216K), 9 survivors (9216K)
 Metaspace       used 103370K, committed 104192K, reserved 1179648K
  class space    used 14066K, committed 14464K, reserved 1048576K
GC Heap History (20 events):
Event: 10.056 GC heap after
{Heap after GC invocations=39 (full 0):
 garbage-first heap   total 121856K, used 66838K [0x0000000080000000, 0x0000000100000000)
  region size 1024K, 5 young (5120K), 5 survivors (5120K)
 Metaspace       used 76413K, committed 77056K, reserved 1179648K
  class space    used 10395K, committed 10688K, reserved 1048576K
}
Event: 10.384 GC heap before
{Heap before GC invocations=40 (full 0):
 garbage-first heap   total 121856K, used 96534K [0x0000000080000000, 0x0000000100000000)
  region size 1024K, 34 young (34816K), 5 survivors (5120K)
 Metaspace       used 78310K, committed 78912K, reserved 1179648K
  class space    used 10678K, committed 11008K, reserved 1048576K
}
Event: 10.388 GC heap after
{Heap after GC invocations=41 (full 0):
 garbage-first heap   total 121856K, used 68186K [0x0000000080000000, 0x0000000100000000)
  region size 1024K, 2 young (2048K), 2 survivors (2048K)
 Metaspace       used 78310K, committed 78912K, reserved 1179648K
  class space    used 10678K, committed 11008K, reserved 1048576K
}
Event: 10.430 GC heap before
{Heap before GC invocations=41 (full 0):
 garbage-first heap   total 121856K, used 71258K [0x0000000080000000, 0x0000000100000000)
  region size 1024K, 5 young (5120K), 2 survivors (2048K)
 Metaspace       used 78545K, committed 79104K, reserved 1179648K
  class space    used 10718K, committed 11008K, reserved 1048576K
}
Event: 10.432 GC heap after
{Heap after GC invocations=42 (full 0):
 garbage-first heap   total 121856K, used 67238K [0x0000000080000000, 0x0000000100000000)
  region size 1024K, 1 young (1024K), 1 survivors (1024K)
 Metaspace       used 78545K, committed 79104K, reserved 1179648K
  class space    used 10718K, committed 11008K, reserved 1048576K
}
Event: 10.854 GC heap before
{Heap before GC invocations=42 (full 0):
 garbage-first heap   total 121856K, used 97958K [0x0000000080000000, 0x0000000100000000)
  region size 1024K, 31 young (31744K), 1 survivors (1024K)
 Metaspace       used 80777K, committed 81408K, reserved 1179648K
  class space    used 11197K, committed 11520K, reserved 1048576K
}
Event: 10.857 GC heap after
{Heap after GC invocations=43 (full 0):
 garbage-first heap   total 243712K, used 67946K [0x0000000080000000, 0x0000000100000000)
  region size 1024K, 2 young (2048K), 2 survivors (2048K)
 Metaspace       used 80777K, committed 81408K, reserved 1179648K
  class space    used 11197K, committed 11520K, reserved 1048576K
}
Event: 12.541 GC heap before
{Heap before GC invocations=44 (full 0):
 garbage-first heap   total 243712K, used 183658K [0x0000000080000000, 0x0000000100000000)
  region size 1024K, 115 young (117760K), 2 survivors (2048K)
 Metaspace       used 90301K, committed 91008K, reserved 1179648K
  class space    used 12591K, committed 12928K, reserved 1048576K
}
Event: 12.548 GC heap after
{Heap after GC invocations=45 (full 0):
 garbage-first heap   total 243712K, used 73812K [0x0000000080000000, 0x0000000100000000)
  region size 1024K, 7 young (7168K), 7 survivors (7168K)
 Metaspace       used 90301K, committed 91008K, reserved 1179648K
  class space    used 12591K, committed 12928K, reserved 1048576K
}
Event: 12.589 GC heap before
{Heap before GC invocations=45 (full 0):
 garbage-first heap   total 243712K, used 77908K [0x0000000080000000, 0x0000000100000000)
  region size 1024K, 11 young (11264K), 7 survivors (7168K)
 Metaspace       used 90433K, committed 91136K, reserved 1179648K
  class space    used 12607K, committed 12928K, reserved 1048576K
}
Event: 12.606 GC heap after
{Heap after GC invocations=46 (full 0):
 garbage-first heap   total 243712K, used 74024K [0x0000000080000000, 0x0000000100000000)
  region size 1024K, 2 young (2048K), 2 survivors (2048K)
 Metaspace       used 90433K, committed 91136K, reserved 1179648K
  class space    used 12607K, committed 12928K, reserved 1048576K
}
Event: 13.601 GC heap before
{Heap before GC invocations=46 (full 0):
 garbage-first heap   total 243712K, used 187688K [0x0000000080000000, 0x0000000100000000)
  region size 1024K, 114 young (116736K), 2 survivors (2048K)
 Metaspace       used 93654K, committed 94400K, reserved 1179648K
  class space    used 13130K, committed 13504K, reserved 1048576K
}
Event: 13.608 GC heap after
{Heap after GC invocations=47 (full 0):
 garbage-first heap   total 243712K, used 81368K [0x0000000080000000, 0x0000000100000000)
  region size 1024K, 9 young (9216K), 9 survivors (9216K)
 Metaspace       used 93654K, committed 94400K, reserved 1179648K
  class space    used 13130K, committed 13504K, reserved 1048576K
}
Event: 15.120 GC heap before
{Heap before GC invocations=47 (full 0):
 garbage-first heap   total 243712K, used 212440K [0x0000000080000000, 0x0000000100000000)
  region size 1024K, 116 young (118784K), 9 survivors (9216K)
 Metaspace       used 97396K, committed 98176K, reserved 1179648K
  class space    used 13450K, committed 13824K, reserved 1048576K
}
Event: 15.140 GC heap after
{Heap after GC invocations=48 (full 0):
 garbage-first heap   total 250880K, used 111271K [0x0000000080000000, 0x0000000100000000)
  region size 1024K, 15 young (15360K), 15 survivors (15360K)
 Metaspace       used 97396K, committed 98176K, reserved 1179648K
  class space    used 13450K, committed 13824K, reserved 1048576K
}
Event: 15.714 GC heap before
{Heap before GC invocations=48 (full 0):
 garbage-first heap   total 250880K, used 202407K [0x0000000080000000, 0x0000000100000000)
  region size 1024K, 88 young (90112K), 15 survivors (15360K)
 Metaspace       used 98451K, committed 99136K, reserved 1179648K
  class space    used 13550K, committed 13888K, reserved 1048576K
}
Event: 15.731 GC heap after
{Heap after GC invocations=49 (full 0):
 garbage-first heap   total 250880K, used 121709K [0x0000000080000000, 0x0000000100000000)
  region size 1024K, 10 young (10240K), 10 survivors (10240K)
 Metaspace       used 98451K, committed 99136K, reserved 1179648K
  class space    used 13550K, committed 13888K, reserved 1048576K
}
Event: 16.148 GC heap before
{Heap before GC invocations=49 (full 0):
 garbage-first heap   total 250880K, used 190317K [0x0000000080000000, 0x0000000100000000)
  region size 1024K, 78 young (79872K), 10 survivors (10240K)
 Metaspace       used 101861K, committed 102656K, reserved 1179648K
  class space    used 13899K, committed 14272K, reserved 1048576K
}
Event: 16.158 GC heap after
{Heap after GC invocations=50 (full 0):
 garbage-first heap   total 250880K, used 127507K [0x0000000080000000, 0x0000000100000000)
  region size 1024K, 6 young (6144K), 6 survivors (6144K)
 Metaspace       used 101861K, committed 102656K, reserved 1179648K
  class space    used 13899K, committed 14272K, reserved 1048576K
}
Event: 16.403 GC heap before
{Heap before GC invocations=50 (full 0):
 garbage-first heap   total 250880K, used 219667K [0x0000000080000000, 0x0000000100000000)
  region size 1024K, 73 young (74752K), 6 survivors (6144K)
 Metaspace       used 103370K, committed 104192K, reserved 1179648K
  class space    used 14066K, committed 14464K, reserved 1048576K
}

