# JRE version: OpenJDK Runtime Environment (17.0.11) (build 17.0.11+0--11852314)
# Java VM: OpenJDK 64-Bit Server VM (17.0.11+0--11852314, mixed mode, tiered, compressed oops, compressed class ptrs, g1 gc, windows-amd64)
GC Precious Log:
 CPUs: 8 total, 8 available
 Memory: 6005M
 Large Page Support: Disabled
 NUMA Support: Disabled
 Compressed Oops: Enabled (32-bit)
 Heap Region Size: 1M
 Heap Min Capacity: 8M
 Heap Initial Capacity: 94M
 Heap Max Capacity: 2G
 Pre-touch: Disabled
 Parallel Workers: 8
 Concurrent Workers: 2
 Concurrent Refinement Workers: 8
 Periodic GC: Disabled
Heap:
 garbage-first heap   total 96256K, used 60650K [0x0000000080000000, 0x0000000100000000)
  region size 1024K, 10 young (10240K), 1 survivors (1024K)
 Metaspace       used 58615K, committed 59200K, reserved 1114112K
  class space    used 8053K, committed 8320K, reserved 1048576K
GC Heap History (20 events):
Event: 8.154 GC heap before
{Heap before GC invocations=12 (full 0):
 garbage-first heap   total 71680K, used 56007K [0x0000000080000000, 0x0000000100000000)
  region size 1024K, 28 young (28672K), 4 survivors (4096K)
 Metaspace       used 48145K, committed 48576K, reserved 1114112K
  class space    used 6589K, committed 6784K, reserved 1048576K
}
Event: 8.157 GC heap after
{Heap after GC invocations=13 (full 0):
 garbage-first heap   total 71680K, used 32725K [0x0000000080000000, 0x0000000100000000)
  region size 1024K, 4 young (4096K), 4 survivors (4096K)
 Metaspace       used 48145K, committed 48576K, reserved 1114112K
  class space    used 6589K, committed 6784K, reserved 1048576K
}
Event: 8.613 GC heap before
{Heap before GC invocations=13 (full 0):
 garbage-first heap   total 71680K, used 57301K [0x0000000080000000, 0x0000000100000000)
  region size 1024K, 28 young (28672K), 4 survivors (4096K)
 Metaspace       used 51476K, committed 51904K, reserved 1114112K
  class space    used 7120K, committed 7296K, reserved 1048576K
}
Event: 8.617 GC heap after
{Heap after GC invocations=14 (full 0):
 garbage-first heap   total 71680K, used 34370K [0x0000000080000000, 0x0000000100000000)
  region size 1024K, 3 young (3072K), 3 survivors (3072K)
 Metaspace       used 51476K, committed 51904K, reserved 1114112K
  class space    used 7120K, committed 7296K, reserved 1048576K
}
Event: 8.760 GC heap before
{Heap before GC invocations=14 (full 0):
 garbage-first heap   total 71680K, used 41538K [0x0000000080000000, 0x0000000100000000)
  region size 1024K, 12 young (12288K), 3 survivors (3072K)
 Metaspace       used 52377K, committed 52864K, reserved 1114112K
  class space    used 7267K, committed 7488K, reserved 1048576K
}
Event: 8.764 GC heap after
{Heap after GC invocations=15 (full 0):
 garbage-first heap   total 71680K, used 35208K [0x0000000080000000, 0x0000000100000000)
  region size 1024K, 3 young (3072K), 3 survivors (3072K)
 Metaspace       used 52377K, committed 52864K, reserved 1114112K
  class space    used 7267K, committed 7488K, reserved 1048576K
}
Event: 9.280 GC heap before
{Heap before GC invocations=16 (full 0):
 garbage-first heap   total 71680K, used 59784K [0x0000000080000000, 0x0000000100000000)
  region size 1024K, 25 young (25600K), 3 survivors (3072K)
 Metaspace       used 55423K, committed 55936K, reserved 1114112K
  class space    used 7631K, committed 7872K, reserved 1048576K
}
Event: 9.284 GC heap after
{Heap after GC invocations=17 (full 0):
 garbage-first heap   total 71680K, used 36585K [0x0000000080000000, 0x0000000100000000)
  region size 1024K, 3 young (3072K), 3 survivors (3072K)
 Metaspace       used 55423K, committed 55936K, reserved 1114112K
  class space    used 7631K, committed 7872K, reserved 1048576K
}
Event: 9.809 GC heap before
{Heap before GC invocations=17 (full 0):
 garbage-first heap   total 71680K, used 57065K [0x0000000080000000, 0x0000000100000000)
  region size 1024K, 24 young (24576K), 3 survivors (3072K)
 Metaspace       used 56274K, committed 56768K, reserved 1114112K
  class space    used 7738K, committed 8000K, reserved 1048576K
}
Event: 9.813 GC heap after
{Heap after GC invocations=18 (full 0):
 garbage-first heap   total 71680K, used 40111K [0x0000000080000000, 0x0000000100000000)
  region size 1024K, 3 young (3072K), 3 survivors (3072K)
 Metaspace       used 56274K, committed 56768K, reserved 1114112K
  class space    used 7738K, committed 8000K, reserved 1048576K
}
Event: 9.974 GC heap before
{Heap before GC invocations=19 (full 0):
 garbage-first heap   total 73728K, used 56495K [0x0000000080000000, 0x0000000100000000)
  region size 1024K, 20 young (20480K), 3 survivors (3072K)
 Metaspace       used 56434K, committed 56960K, reserved 1114112K
  class space    used 7738K, committed 8000K, reserved 1048576K
}
Event: 9.977 GC heap after
{Heap after GC invocations=20 (full 0):
 garbage-first heap   total 73728K, used 41715K [0x0000000080000000, 0x0000000100000000)
  region size 1024K, 3 young (3072K), 3 survivors (3072K)
 Metaspace       used 56434K, committed 56960K, reserved 1114112K
  class space    used 7738K, committed 8000K, reserved 1048576K
}
Event: 10.096 GC heap before
{Heap before GC invocations=20 (full 0):
 garbage-first heap   total 73728K, used 51955K [0x0000000080000000, 0x0000000100000000)
  region size 1024K, 14 young (14336K), 3 survivors (3072K)
 Metaspace       used 56726K, committed 57280K, reserved 1114112K
  class space    used 7776K, committed 8064K, reserved 1048576K
}
Event: 10.098 GC heap after
{Heap after GC invocations=21 (full 0):
 garbage-first heap   total 73728K, used 42443K [0x0000000080000000, 0x0000000100000000)
  region size 1024K, 3 young (3072K), 3 survivors (3072K)
 Metaspace       used 56726K, committed 57280K, reserved 1114112K
  class space    used 7776K, committed 8064K, reserved 1048576K
}
Event: 10.403 GC heap before
{Heap before GC invocations=22 (full 0):
 garbage-first heap   total 78848K, used 61899K [0x0000000080000000, 0x0000000100000000)
  region size 1024K, 17 young (17408K), 3 survivors (3072K)
 Metaspace       used 57390K, committed 58048K, reserved 1114112K
  class space    used 7890K, committed 8192K, reserved 1048576K
}
Event: 10.406 GC heap after
{Heap after GC invocations=23 (full 0):
 garbage-first heap   total 78848K, used 52846K [0x0000000080000000, 0x0000000100000000)
  region size 1024K, 3 young (3072K), 3 survivors (3072K)
 Metaspace       used 57390K, committed 58048K, reserved 1114112K
  class space    used 7890K, committed 8192K, reserved 1048576K
}
Event: 10.430 GC heap before
{Heap before GC invocations=23 (full 0):
 garbage-first heap   total 78848K, used 53870K [0x0000000080000000, 0x0000000100000000)
  region size 1024K, 4 young (4096K), 3 survivors (3072K)
 Metaspace       used 57471K, committed 58048K, reserved 1114112K
  class space    used 7906K, committed 8192K, reserved 1048576K
}
Event: 10.432 GC heap after
{Heap after GC invocations=24 (full 0):
 garbage-first heap   total 78848K, used 52394K [0x0000000080000000, 0x0000000100000000)
  region size 1024K, 1 young (1024K), 1 survivors (1024K)
 Metaspace       used 57471K, committed 58048K, reserved 1114112K
  class space    used 7906K, committed 8192K, reserved 1048576K
}
Event: 10.536 GC heap before
{Heap before GC invocations=24 (full 0):
 garbage-first heap   total 78848K, used 60586K [0x0000000080000000, 0x0000000100000000)
  region size 1024K, 10 young (10240K), 1 survivors (1024K)
 Metaspace       used 58132K, committed 58688K, reserved 1114112K
  class space    used 7986K, committed 8256K, reserved 1048576K
}
Event: 10.537 GC heap after
{Heap after GC invocations=25 (full 0):
 garbage-first heap   total 78848K, used 52458K [0x0000000080000000, 0x0000000100000000)
  region size 1024K, 1 young (1024K), 1 survivors (1024K)
 Metaspace       used 58132K, committed 58688K, reserved 1114112K
  class space    used 7986K, committed 8256K, reserved 1048576K
}

