# JRE version: OpenJDK Runtime Environment (17.0.11) (build 17.0.11+0--11852314)
# Java VM: OpenJDK 64-Bit Server VM (17.0.11+0--11852314, mixed mode, tiered, compressed oops, compressed class ptrs, g1 gc, windows-amd64)
GC Precious Log:
 CPUs: 8 total, 8 available
 Memory: 6005M
 Large Page Support: Disabled
 NUMA Support: Disabled
 Compressed Oops: Enabled (32-bit)
 Heap Region Size: 1M
 Heap Min Capacity: 8M
 Heap Initial Capacity: 94M
 Heap Max Capacity: 2G
 Pre-touch: Disabled
 Parallel Workers: 8
 Concurrent Workers: 2
 Concurrent Refinement Workers: 8
 Periodic GC: Disabled
Heap:
 garbage-first heap   total 311296K, used 162252K [0x0000000080000000, 0x0000000100000000)
  region size 1024K, 2 young (2048K), 2 survivors (2048K)
 Metaspace       used 128283K, committed 129280K, reserved 1179648K
  class space    used 17782K, committed 18240K, reserved 1048576K
GC Heap History (20 events):
Event: 15.021 GC heap after
{Heap after GC invocations=42 (full 0):
 garbage-first heap   total 159744K, used 101339K [0x0000000080000000, 0x0000000100000000)
  region size 1024K, 7 young (7168K), 7 survivors (7168K)
 Metaspace       used 97020K, committed 97792K, reserved 1179648K
  class space    used 13448K, committed 13824K, reserved 1048576K
}
Event: 15.174 GC heap before
{Heap before GC invocations=42 (full 0):
 garbage-first heap   total 159744K, used 123867K [0x0000000080000000, 0x0000000100000000)
  region size 1024K, 22 young (22528K), 7 survivors (7168K)
 Metaspace       used 97217K, committed 97984K, reserved 1179648K
  class space    used 13461K, committed 13824K, reserved 1048576K
}
Event: 15.184 GC heap after
{Heap after GC invocations=43 (full 0):
 garbage-first heap   total 311296K, used 114549K [0x0000000080000000, 0x0000000100000000)
  region size 1024K, 4 young (4096K), 4 survivors (4096K)
 Metaspace       used 97217K, committed 97984K, reserved 1179648K
  class space    used 13461K, committed 13824K, reserved 1048576K
}
Event: 16.179 GC heap before
{Heap before GC invocations=43 (full 0):
 garbage-first heap   total 311296K, used 244597K [0x0000000080000000, 0x0000000100000000)
  region size 1024K, 124 young (126976K), 4 survivors (4096K)
 Metaspace       used 100773K, committed 101568K, reserved 1179648K
  class space    used 13842K, committed 14272K, reserved 1048576K
}
Event: 16.214 GC heap after
{Heap after GC invocations=44 (full 0):
 garbage-first heap   total 311296K, used 117872K [0x0000000080000000, 0x0000000100000000)
  region size 1024K, 12 young (12288K), 12 survivors (12288K)
 Metaspace       used 100773K, committed 101568K, reserved 1179648K
  class space    used 13842K, committed 14272K, reserved 1048576K
}
Event: 19.157 GC heap before
{Heap before GC invocations=44 (full 0):
 garbage-first heap   total 311296K, used 238704K [0x0000000080000000, 0x0000000100000000)
  region size 1024K, 131 young (134144K), 12 survivors (12288K)
 Metaspace       used 103472K, committed 104320K, reserved 1179648K
  class space    used 14169K, committed 14592K, reserved 1048576K
}
Event: 19.191 GC heap after
{Heap after GC invocations=45 (full 0):
 garbage-first heap   total 311296K, used 125069K [0x0000000080000000, 0x0000000100000000)
  region size 1024K, 14 young (14336K), 14 survivors (14336K)
 Metaspace       used 103472K, committed 104320K, reserved 1179648K
  class space    used 14169K, committed 14592K, reserved 1048576K
}
Event: 19.365 GC heap before
{Heap before GC invocations=45 (full 0):
 garbage-first heap   total 311296K, used 163981K [0x0000000080000000, 0x0000000100000000)
  region size 1024K, 20 young (20480K), 14 survivors (14336K)
 Metaspace       used 103911K, committed 104704K, reserved 1179648K
  class space    used 14230K, committed 14656K, reserved 1048576K
}
Event: 19.397 GC heap after
{Heap after GC invocations=46 (full 0):
 garbage-first heap   total 311296K, used 151591K [0x0000000080000000, 0x0000000100000000)
  region size 1024K, 3 young (3072K), 3 survivors (3072K)
 Metaspace       used 103911K, committed 104704K, reserved 1179648K
  class space    used 14230K, committed 14656K, reserved 1048576K
}
Event: 606.920 GC heap before
{Heap before GC invocations=47 (full 0):
 garbage-first heap   total 311296K, used 270375K [0x0000000080000000, 0x0000000100000000)
  region size 1024K, 91 young (93184K), 3 survivors (3072K)
 Metaspace       used 109781K, committed 110720K, reserved 1179648K
  class space    used 14978K, committed 15424K, reserved 1048576K
}
Event: 607.022 GC heap after
{Heap after GC invocations=48 (full 0):
 garbage-first heap   total 311296K, used 152102K [0x0000000080000000, 0x0000000100000000)
  region size 1024K, 12 young (12288K), 12 survivors (12288K)
 Metaspace       used 109781K, committed 110720K, reserved 1179648K
  class space    used 14978K, committed 15424K, reserved 1048576K
}
Event: 607.049 GC heap before
{Heap before GC invocations=48 (full 0):
 garbage-first heap   total 311296K, used 155174K [0x0000000080000000, 0x0000000100000000)
  region size 1024K, 15 young (15360K), 12 survivors (12288K)
 Metaspace       used 109781K, committed 110720K, reserved 1179648K
  class space    used 14978K, committed 15424K, reserved 1048576K
}
Event: 607.086 GC heap after
{Heap after GC invocations=49 (full 0):
 garbage-first heap   total 311296K, used 142653K [0x0000000080000000, 0x0000000100000000)
  region size 1024K, 1 young (1024K), 1 survivors (1024K)
 Metaspace       used 109781K, committed 110720K, reserved 1179648K
  class space    used 14978K, committed 15424K, reserved 1048576K
}
Event: 609.660 GC heap before
{Heap before GC invocations=49 (full 0):
 garbage-first heap   total 311296K, used 239933K [0x0000000080000000, 0x0000000100000000)
  region size 1024K, 97 young (99328K), 1 survivors (1024K)
 Metaspace       used 120805K, committed 121856K, reserved 1179648K
  class space    used 16849K, committed 17344K, reserved 1048576K
}
Event: 609.668 GC heap after
{Heap after GC invocations=50 (full 0):
 garbage-first heap   total 311296K, used 147337K [0x0000000080000000, 0x0000000100000000)
  region size 1024K, 5 young (5120K), 5 survivors (5120K)
 Metaspace       used 120805K, committed 121856K, reserved 1179648K
  class space    used 16849K, committed 17344K, reserved 1048576K
}
Event: 610.204 GC heap before
{Heap before GC invocations=50 (full 0):
 garbage-first heap   total 311296K, used 167817K [0x0000000080000000, 0x0000000100000000)
  region size 1024K, 26 young (26624K), 5 survivors (5120K)
 Metaspace       used 123921K, committed 124864K, reserved 1179648K
  class space    used 17268K, committed 17728K, reserved 1048576K
}
Event: 610.221 GC heap after
{Heap after GC invocations=51 (full 0):
 garbage-first heap   total 311296K, used 148361K [0x0000000080000000, 0x0000000100000000)
  region size 1024K, 6 young (6144K), 6 survivors (6144K)
 Metaspace       used 123921K, committed 124864K, reserved 1179648K
  class space    used 17268K, committed 17728K, reserved 1048576K
}
Event: 612.581 GC heap before
{Heap before GC invocations=52 (full 0):
 garbage-first heap   total 311296K, used 258953K [0x0000000080000000, 0x0000000100000000)
  region size 1024K, 107 young (109568K), 6 survivors (6144K)
 Metaspace       used 128186K, committed 129216K, reserved 1179648K
  class space    used 17767K, committed 18240K, reserved 1048576K
}
Event: 612.759 GC heap after
{Heap after GC invocations=53 (full 0):
 garbage-first heap   total 311296K, used 168932K [0x0000000080000000, 0x0000000100000000)
  region size 1024K, 14 young (14336K), 14 survivors (14336K)
 Metaspace       used 128186K, committed 129216K, reserved 1179648K
  class space    used 17767K, committed 18240K, reserved 1048576K
}
Event: 612.809 GC heap before
{Heap before GC invocations=53 (full 0):
 garbage-first heap   total 311296K, used 177124K [0x0000000080000000, 0x0000000100000000)
  region size 1024K, 15 young (15360K), 14 survivors (14336K)
 Metaspace       used 128283K, committed 129280K, reserved 1179648K
  class space    used 17782K, committed 18240K, reserved 1048576K
}

