# JRE version: OpenJDK Runtime Environment (17.0.11) (build 17.0.11+0--11852314)
# Java VM: OpenJDK 64-Bit Server VM (17.0.11+0--11852314, mixed mode, tiered, compressed oops, compressed class ptrs, g1 gc, windows-amd64)
GC Precious Log:
 CPUs: 8 total, 8 available
 Memory: 6005M
 Large Page Support: Disabled
 NUMA Support: Disabled
 Compressed Oops: Enabled (32-bit)
 Heap Region Size: 1M
 Heap Min Capacity: 8M
 Heap Initial Capacity: 94M
 Heap Max Capacity: 2G
 Pre-touch: Disabled
 Parallel Workers: 8
 Concurrent Workers: 2
 Concurrent Refinement Workers: 8
 Periodic GC: Disabled
Heap:
 garbage-first heap   total 387072K, used 260672K [0x0000000080000000, 0x0000000100000000)
  region size 1024K, 8 young (8192K), 8 survivors (8192K)
 Metaspace       used 133422K, committed 134272K, reserved 1179648K
  class space    used 18338K, committed 18752K, reserved 1048576K
GC Heap History (20 events):
Event: 27.408 GC heap after
{Heap after GC invocations=64 (full 0):
 garbage-first heap   total 258048K, used 161379K [0x0000000080000000, 0x0000000100000000)
  region size 1024K, 4 young (4096K), 4 survivors (4096K)
 Metaspace       used 125686K, committed 126592K, reserved 1179648K
  class space    used 17299K, committed 17728K, reserved 1048576K
}
Event: 27.836 GC heap before
{Heap before GC invocations=64 (full 0):
 garbage-first heap   total 258048K, used 226915K [0x0000000080000000, 0x0000000100000000)
  region size 1024K, 68 young (69632K), 4 survivors (4096K)
 Metaspace       used 125701K, committed 126592K, reserved 1179648K
  class space    used 17299K, committed 17728K, reserved 1048576K
}
Event: 27.840 GC heap after
{Heap after GC invocations=65 (full 0):
 garbage-first heap   total 258048K, used 161865K [0x0000000080000000, 0x0000000100000000)
  region size 1024K, 5 young (5120K), 5 survivors (5120K)
 Metaspace       used 125701K, committed 126592K, reserved 1179648K
  class space    used 17299K, committed 17728K, reserved 1048576K
}
Event: 28.370 GC heap before
{Heap before GC invocations=65 (full 0):
 garbage-first heap   total 258048K, used 219209K [0x0000000080000000, 0x0000000100000000)
  region size 1024K, 58 young (59392K), 5 survivors (5120K)
 Metaspace       used 126349K, committed 127232K, reserved 1179648K
  class space    used 17342K, committed 17792K, reserved 1048576K
}
Event: 28.378 GC heap after
{Heap after GC invocations=66 (full 0):
 garbage-first heap   total 258048K, used 164957K [0x0000000080000000, 0x0000000100000000)
  region size 1024K, 5 young (5120K), 5 survivors (5120K)
 Metaspace       used 126349K, committed 127232K, reserved 1179648K
  class space    used 17342K, committed 17792K, reserved 1048576K
}
Event: 28.425 GC heap before
{Heap before GC invocations=66 (full 0):
 garbage-first heap   total 258048K, used 183389K [0x0000000080000000, 0x0000000100000000)
  region size 1024K, 20 young (20480K), 5 survivors (5120K)
 Metaspace       used 126395K, committed 127296K, reserved 1179648K
  class space    used 17344K, committed 17792K, reserved 1048576K
}
Event: 28.430 GC heap after
{Heap after GC invocations=67 (full 0):
 garbage-first heap   total 258048K, used 173704K [0x0000000080000000, 0x0000000100000000)
  region size 1024K, 8 young (8192K), 8 survivors (8192K)
 Metaspace       used 126395K, committed 127296K, reserved 1179648K
  class space    used 17344K, committed 17792K, reserved 1048576K
}
Event: 28.486 GC heap before
{Heap before GC invocations=67 (full 0):
 garbage-first heap   total 258048K, used 187016K [0x0000000080000000, 0x0000000100000000)
  region size 1024K, 21 young (21504K), 8 survivors (8192K)
 Metaspace       used 126444K, committed 127296K, reserved 1179648K
  class space    used 17353K, committed 17792K, reserved 1048576K
}
Event: 28.492 GC heap after
{Heap after GC invocations=68 (full 0):
 garbage-first heap   total 258048K, used 177814K [0x0000000080000000, 0x0000000100000000)
  region size 1024K, 3 young (3072K), 3 survivors (3072K)
 Metaspace       used 126444K, committed 127296K, reserved 1179648K
  class space    used 17353K, committed 17792K, reserved 1048576K
}
Event: 28.786 GC heap before
{Heap before GC invocations=69 (full 0):
 garbage-first heap   total 314368K, used 226966K [0x0000000080000000, 0x0000000100000000)
  region size 1024K, 43 young (44032K), 3 survivors (3072K)
 Metaspace       used 126925K, committed 127808K, reserved 1179648K
  class space    used 17429K, committed 17856K, reserved 1048576K
}
Event: 28.794 GC heap after
{Heap after GC invocations=70 (full 0):
 garbage-first heap   total 314368K, used 176062K [0x0000000080000000, 0x0000000100000000)
  region size 1024K, 6 young (6144K), 6 survivors (6144K)
 Metaspace       used 126925K, committed 127808K, reserved 1179648K
  class space    used 17429K, committed 17856K, reserved 1048576K
}
Event: 28.833 GC heap before
{Heap before GC invocations=70 (full 0):
 garbage-first heap   total 314368K, used 198590K [0x0000000080000000, 0x0000000100000000)
  region size 1024K, 15 young (15360K), 6 survivors (6144K)
 Metaspace       used 126950K, committed 127808K, reserved 1179648K
  class space    used 17432K, committed 17856K, reserved 1048576K
}
Event: 28.842 GC heap after
{Heap after GC invocations=71 (full 0):
 garbage-first heap   total 387072K, used 154641K [0x0000000080000000, 0x0000000100000000)
  region size 1024K, 2 young (2048K), 2 survivors (2048K)
 Metaspace       used 126950K, committed 127808K, reserved 1179648K
  class space    used 17432K, committed 17856K, reserved 1048576K
}
Event: 28.962 GC heap before
{Heap before GC invocations=71 (full 0):
 garbage-first heap   total 387072K, used 170001K [0x0000000080000000, 0x0000000100000000)
  region size 1024K, 18 young (18432K), 2 survivors (2048K)
 Metaspace       used 127162K, committed 128000K, reserved 1179648K
  class space    used 17479K, committed 17920K, reserved 1048576K
}
Event: 28.971 GC heap after
{Heap after GC invocations=72 (full 0):
 garbage-first heap   total 387072K, used 157065K [0x0000000080000000, 0x0000000100000000)
  region size 1024K, 3 young (3072K), 3 survivors (3072K)
 Metaspace       used 127162K, committed 128000K, reserved 1179648K
  class space    used 17479K, committed 17920K, reserved 1048576K
}
Event: 29.549 GC heap before
{Heap before GC invocations=72 (full 0):
 garbage-first heap   total 387072K, used 308617K [0x0000000080000000, 0x0000000100000000)
  region size 1024K, 150 young (153600K), 3 survivors (3072K)
 Metaspace       used 129684K, committed 130560K, reserved 1179648K
  class space    used 17813K, committed 18240K, reserved 1048576K
}
Event: 29.651 GC heap after
{Heap after GC invocations=73 (full 0):
 garbage-first heap   total 387072K, used 220720K [0x0000000080000000, 0x0000000100000000)
  region size 1024K, 19 young (19456K), 19 survivors (19456K)
 Metaspace       used 129684K, committed 130560K, reserved 1179648K
  class space    used 17813K, committed 18240K, reserved 1048576K
}
Event: 30.018 GC heap before
{Heap before GC invocations=73 (full 0):
 garbage-first heap   total 387072K, used 294448K [0x0000000080000000, 0x0000000100000000)
  region size 1024K, 92 young (94208K), 19 survivors (19456K)
 Metaspace       used 129883K, committed 130752K, reserved 1179648K
  class space    used 17841K, committed 18240K, reserved 1048576K
}
Event: 30.070 GC heap after
{Heap after GC invocations=74 (full 0):
 garbage-first heap   total 387072K, used 250880K [0x0000000080000000, 0x0000000100000000)
  region size 1024K, 12 young (12288K), 12 survivors (12288K)
 Metaspace       used 129883K, committed 130752K, reserved 1179648K
  class space    used 17841K, committed 18240K, reserved 1048576K
}
Event: 30.560 GC heap before
{Heap before GC invocations=74 (full 0):
 garbage-first heap   total 387072K, used 303104K [0x0000000080000000, 0x0000000100000000)
  region size 1024K, 64 young (65536K), 12 survivors (12288K)
 Metaspace       used 133422K, committed 134272K, reserved 1179648K
  class space    used 18338K, committed 18752K, reserved 1048576K
}

