# JRE version: OpenJDK Runtime Environment (17.0.11) (build 17.0.11+0--11852314)
# Java VM: OpenJDK 64-Bit Server VM (17.0.11+0--11852314, mixed mode, tiered, compressed oops, compressed class ptrs, g1 gc, windows-amd64)
GC Precious Log:
 CPUs: 8 total, 8 available
 Memory: 6005M
 Large Page Support: Disabled
 NUMA Support: Disabled
 Compressed Oops: Enabled (32-bit)
 Heap Region Size: 1M
 Heap Min Capacity: 8M
 Heap Initial Capacity: 94M
 Heap Max Capacity: 2G
 Pre-touch: Disabled
 Parallel Workers: 8
 Concurrent Workers: 2
 Concurrent Refinement Workers: 8
 Periodic GC: Disabled
Heap:
 garbage-first heap   total 268288K, used 166219K [0x0000000080000000, 0x0000000100000000)
  region size 1024K, 55 young (56320K), 9 survivors (9216K)
 Metaspace       used 118463K, committed 119360K, reserved 1179648K
  class space    used 15825K, committed 16256K, reserved 1048576K
GC Heap History (20 events):
Event: 216.691 GC heap before
{Heap before GC invocations=55 (full 0):
 garbage-first heap   total 256000K, used 123904K [0x0000000080000000, 0x0000000100000000)
  region size 1024K, 25 young (25600K), 2 survivors (2048K)
 Metaspace       used 106610K, committed 107456K, reserved 1179648K
  class space    used 14539K, committed 14976K, reserved 1048576K
}
Event: 216.702 GC heap after
{Heap after GC invocations=56 (full 0):
 garbage-first heap   total 256000K, used 104900K [0x0000000080000000, 0x0000000100000000)
  region size 1024K, 5 young (5120K), 5 survivors (5120K)
 Metaspace       used 106610K, committed 107456K, reserved 1179648K
  class space    used 14539K, committed 14976K, reserved 1048576K
}
Event: 220.526 GC heap before
{Heap before GC invocations=57 (full 0):
 garbage-first heap   total 256000K, used 222660K [0x0000000080000000, 0x0000000100000000)
  region size 1024K, 102 young (104448K), 5 survivors (5120K)
 Metaspace       used 106829K, committed 107712K, reserved 1179648K
  class space    used 14542K, committed 14976K, reserved 1048576K
}
Event: 220.535 GC heap after
{Heap after GC invocations=58 (full 0):
 garbage-first heap   total 256000K, used 108639K [0x0000000080000000, 0x0000000100000000)
  region size 1024K, 9 young (9216K), 9 survivors (9216K)
 Metaspace       used 106829K, committed 107712K, reserved 1179648K
  class space    used 14542K, committed 14976K, reserved 1048576K
}
Event: 220.562 GC heap before
{Heap before GC invocations=58 (full 0):
 garbage-first heap   total 256000K, used 111711K [0x0000000080000000, 0x0000000100000000)
  region size 1024K, 12 young (12288K), 9 survivors (9216K)
 Metaspace       used 106846K, committed 107712K, reserved 1179648K
  class space    used 14542K, committed 14976K, reserved 1048576K
}
Event: 220.581 GC heap after
{Heap after GC invocations=59 (full 0):
 garbage-first heap   total 256000K, used 100316K [0x0000000080000000, 0x0000000100000000)
  region size 1024K, 2 young (2048K), 2 survivors (2048K)
 Metaspace       used 106846K, committed 107712K, reserved 1179648K
  class space    used 14542K, committed 14976K, reserved 1048576K
}
Event: 220.685 GC heap before
{Heap before GC invocations=59 (full 0):
 garbage-first heap   total 256000K, used 106460K [0x0000000080000000, 0x0000000100000000)
  region size 1024K, 10 young (10240K), 2 survivors (2048K)
 Metaspace       used 106883K, committed 107776K, reserved 1179648K
  class space    used 14546K, committed 14976K, reserved 1048576K
}
Event: 220.687 GC heap after
{Heap after GC invocations=60 (full 0):
 garbage-first heap   total 256000K, used 100286K [0x0000000080000000, 0x0000000100000000)
  region size 1024K, 2 young (2048K), 2 survivors (2048K)
 Metaspace       used 106883K, committed 107776K, reserved 1179648K
  class space    used 14546K, committed 14976K, reserved 1048576K
}
Event: 591.387 GC heap before
{Heap before GC invocations=61 (full 0):
 garbage-first heap   total 256000K, used 242622K [0x0000000080000000, 0x0000000100000000)
  region size 1024K, 95 young (97280K), 2 survivors (2048K)
 Metaspace       used 107398K, committed 108288K, reserved 1179648K
  class space    used 14577K, committed 15040K, reserved 1048576K
}
Event: 591.438 GC heap after
{Heap after GC invocations=62 (full 0):
 garbage-first heap   total 268288K, used 122730K [0x0000000080000000, 0x0000000100000000)
  region size 1024K, 14 young (14336K), 14 survivors (14336K)
 Metaspace       used 107398K, committed 108288K, reserved 1179648K
  class space    used 14577K, committed 15040K, reserved 1048576K
}
Event: 591.455 GC heap before
{Heap before GC invocations=62 (full 0):
 garbage-first heap   total 268288K, used 123754K [0x0000000080000000, 0x0000000100000000)
  region size 1024K, 15 young (15360K), 14 survivors (14336K)
 Metaspace       used 107403K, committed 108288K, reserved 1179648K
  class space    used 14577K, committed 15040K, reserved 1048576K
}
Event: 591.480 GC heap after
{Heap after GC invocations=63 (full 0):
 garbage-first heap   total 268288K, used 123903K [0x0000000080000000, 0x0000000100000000)
  region size 1024K, 2 young (2048K), 2 survivors (2048K)
 Metaspace       used 107403K, committed 108288K, reserved 1179648K
  class space    used 14577K, committed 15040K, reserved 1048576K
}
Event: 591.935 GC heap before
{Heap before GC invocations=63 (full 0):
 garbage-first heap   total 268288K, used 144383K [0x0000000080000000, 0x0000000100000000)
  region size 1024K, 24 young (24576K), 2 survivors (2048K)
 Metaspace       used 107430K, committed 108288K, reserved 1179648K
  class space    used 14577K, committed 15040K, reserved 1048576K
}
Event: 591.952 GC heap after
{Heap after GC invocations=64 (full 0):
 garbage-first heap   total 268288K, used 131514K [0x0000000080000000, 0x0000000100000000)
  region size 1024K, 10 young (10240K), 10 survivors (10240K)
 Metaspace       used 107430K, committed 108288K, reserved 1179648K
  class space    used 14577K, committed 15040K, reserved 1048576K
}
Event: 597.031 GC heap before
{Heap before GC invocations=65 (full 0):
 garbage-first heap   total 268288K, used 221626K [0x0000000080000000, 0x0000000100000000)
  region size 1024K, 82 young (83968K), 10 survivors (10240K)
 Metaspace       used 107921K, committed 108864K, reserved 1179648K
  class space    used 14641K, committed 15104K, reserved 1048576K
}
Event: 597.039 GC heap after
{Heap after GC invocations=66 (full 0):
 garbage-first heap   total 268288K, used 130000K [0x0000000080000000, 0x0000000100000000)
  region size 1024K, 5 young (5120K), 5 survivors (5120K)
 Metaspace       used 107921K, committed 108864K, reserved 1179648K
  class space    used 14641K, committed 15104K, reserved 1048576K
}
Event: 597.191 GC heap before
{Heap before GC invocations=66 (full 0):
 garbage-first heap   total 268288K, used 137168K [0x0000000080000000, 0x0000000100000000)
  region size 1024K, 13 young (13312K), 5 survivors (5120K)
 Metaspace       used 108294K, committed 109248K, reserved 1179648K
  class space    used 14686K, committed 15168K, reserved 1048576K
}
Event: 597.202 GC heap after
{Heap after GC invocations=67 (full 0):
 garbage-first heap   total 268288K, used 120300K [0x0000000080000000, 0x0000000100000000)
  region size 1024K, 2 young (2048K), 2 survivors (2048K)
 Metaspace       used 108294K, committed 109248K, reserved 1179648K
  class space    used 14686K, committed 15168K, reserved 1048576K
}
Event: 598.882 GC heap before
{Heap before GC invocations=67 (full 0):
 garbage-first heap   total 268288K, used 182764K [0x0000000080000000, 0x0000000100000000)
  region size 1024K, 65 young (66560K), 2 survivors (2048K)
 Metaspace       used 115936K, committed 116864K, reserved 1179648K
  class space    used 15655K, committed 16128K, reserved 1048576K
}
Event: 598.890 GC heap after
{Heap after GC invocations=68 (full 0):
 garbage-first heap   total 268288K, used 127307K [0x0000000080000000, 0x0000000100000000)
  region size 1024K, 9 young (9216K), 9 survivors (9216K)
 Metaspace       used 115936K, committed 116864K, reserved 1179648K
  class space    used 15655K, committed 16128K, reserved 1048576K
}

