# JRE version: OpenJDK Runtime Environment (17.0.11) (build 17.0.11+0--11852314)
# Java VM: OpenJDK 64-Bit Server VM (17.0.11+0--11852314, mixed mode, tiered, compressed oops, compressed class ptrs, g1 gc, windows-amd64)
GC Precious Log:
 CPUs: 8 total, 8 available
 Memory: 6005M
 Large Page Support: Disabled
 NUMA Support: Disabled
 Compressed Oops: Enabled (32-bit)
 Heap Region Size: 1M
 Heap Min Capacity: 8M
 Heap Initial Capacity: 94M
 Heap Max Capacity: 2G
 Pre-touch: Disabled
 Parallel Workers: 8
 Concurrent Workers: 2
 Concurrent Refinement Workers: 8
 Periodic GC: Disabled
Heap:
 garbage-first heap   total 540672K, used 128018K [0x0000000080000000, 0x0000000100000000)
  region size 1024K, 1 young (1024K), 1 survivors (1024K)
 Metaspace       used 155475K, committed 156864K, reserved 1245184K
  class space    used 20035K, committed 20672K, reserved 1048576K
GC Heap History (20 events):
Event: 8868.748 GC heap after
{Heap after GC invocations=99 (full 0):
 garbage-first heap   total 393216K, used 126014K [0x0000000080000000, 0x0000000100000000)
  region size 1024K, 3 young (3072K), 3 survivors (3072K)
 Metaspace       used 149128K, committed 150464K, reserved 1245184K
  class space    used 19531K, committed 20160K, reserved 1048576K
}
Event: 8868.856 GC heap before
{Heap before GC invocations=99 (full 0):
 garbage-first heap   total 393216K, used 139326K [0x0000000080000000, 0x0000000100000000)
  region size 1024K, 17 young (17408K), 3 survivors (3072K)
 Metaspace       used 149132K, committed 150464K, reserved 1245184K
  class space    used 19531K, committed 20160K, reserved 1048576K
}
Event: 8868.860 GC heap after
{Heap after GC invocations=100 (full 0):
 garbage-first heap   total 393216K, used 128318K [0x0000000080000000, 0x0000000100000000)
  region size 1024K, 6 young (6144K), 6 survivors (6144K)
 Metaspace       used 149132K, committed 150464K, reserved 1245184K
  class space    used 19531K, committed 20160K, reserved 1048576K
}
Event: 8973.031 GC heap before
{Heap before GC invocations=101 (full 0):
 garbage-first heap   total 393216K, used 338176K [0x0000000080000000, 0x0000000100000000)
  region size 1024K, 162 young (165888K), 6 survivors (6144K)
 Metaspace       used 151670K, committed 153088K, reserved 1245184K
  class space    used 19726K, committed 20352K, reserved 1048576K
}
Event: 8973.058 GC heap after
{Heap after GC invocations=102 (full 0):
 garbage-first heap   total 393216K, used 135447K [0x0000000080000000, 0x0000000100000000)
  region size 1024K, 11 young (11264K), 11 survivors (11264K)
 Metaspace       used 151670K, committed 153088K, reserved 1245184K
  class space    used 19726K, committed 20352K, reserved 1048576K
}
Event: 8973.124 GC heap before
{Heap before GC invocations=102 (full 0):
 garbage-first heap   total 393216K, used 143639K [0x0000000080000000, 0x0000000100000000)
  region size 1024K, 19 young (19456K), 11 survivors (11264K)
 Metaspace       used 151678K, committed 153088K, reserved 1245184K
  class space    used 19726K, committed 20352K, reserved 1048576K
}
Event: 8973.183 GC heap after
{Heap after GC invocations=103 (full 0):
 garbage-first heap   total 393216K, used 122482K [0x0000000080000000, 0x0000000100000000)
  region size 1024K, 2 young (2048K), 2 survivors (2048K)
 Metaspace       used 151678K, committed 153088K, reserved 1245184K
  class space    used 19726K, committed 20352K, reserved 1048576K
}
Event: 8973.338 GC heap before
{Heap before GC invocations=103 (full 0):
 garbage-first heap   total 393216K, used 132722K [0x0000000080000000, 0x0000000100000000)
  region size 1024K, 14 young (14336K), 2 survivors (2048K)
 Metaspace       used 151730K, committed 153088K, reserved 1245184K
  class space    used 19728K, committed 20352K, reserved 1048576K
}
Event: 8973.344 GC heap after
{Heap after GC invocations=104 (full 0):
 garbage-first heap   total 393216K, used 121889K [0x0000000080000000, 0x0000000100000000)
  region size 1024K, 2 young (2048K), 2 survivors (2048K)
 Metaspace       used 151730K, committed 153088K, reserved 1245184K
  class space    used 19728K, committed 20352K, reserved 1048576K
}
Event: 10407.433 GC heap before
{Heap before GC invocations=105 (full 0):
 garbage-first heap   total 393216K, used 351265K [0x0000000080000000, 0x0000000100000000)
  region size 1024K, 180 young (184320K), 2 survivors (2048K)
 Metaspace       used 154172K, committed 155520K, reserved 1245184K
  class space    used 19900K, committed 20544K, reserved 1048576K
}
Event: 10407.540 GC heap after
{Heap after GC invocations=106 (full 0):
 garbage-first heap   total 393216K, used 145101K [0x0000000080000000, 0x0000000100000000)
  region size 1024K, 23 young (23552K), 23 survivors (23552K)
 Metaspace       used 154172K, committed 155520K, reserved 1245184K
  class space    used 19900K, committed 20544K, reserved 1048576K
}
Event: 10407.560 GC heap before
{Heap before GC invocations=106 (full 0):
 garbage-first heap   total 393216K, used 146125K [0x0000000080000000, 0x0000000100000000)
  region size 1024K, 24 young (24576K), 23 survivors (23552K)
 Metaspace       used 154178K, committed 155520K, reserved 1245184K
  class space    used 19900K, committed 20544K, reserved 1048576K
}
Event: 10407.672 GC heap after
{Heap after GC invocations=107 (full 0):
 garbage-first heap   total 393216K, used 135204K [0x0000000080000000, 0x0000000100000000)
  region size 1024K, 3 young (3072K), 3 survivors (3072K)
 Metaspace       used 154178K, committed 155520K, reserved 1245184K
  class space    used 19900K, committed 20544K, reserved 1048576K
}
Event: 10410.410 GC heap before
{Heap before GC invocations=107 (full 0):
 garbage-first heap   total 393216K, used 298020K [0x0000000080000000, 0x0000000100000000)
  region size 1024K, 163 young (166912K), 3 survivors (3072K)
 Metaspace       used 155304K, committed 156672K, reserved 1245184K
  class space    used 20032K, committed 20672K, reserved 1048576K
}
Event: 10410.426 GC heap after
{Heap after GC invocations=108 (full 0):
 garbage-first heap   total 393216K, used 135214K [0x0000000080000000, 0x0000000100000000)
  region size 1024K, 3 young (3072K), 3 survivors (3072K)
 Metaspace       used 155304K, committed 156672K, reserved 1245184K
  class space    used 20032K, committed 20672K, reserved 1048576K
}
Event: 10602.269 GC heap before
{Heap before GC invocations=109 (full 0):
 garbage-first heap   total 393216K, used 357422K [0x0000000080000000, 0x0000000100000000)
  region size 1024K, 172 young (176128K), 3 survivors (3072K)
 Metaspace       used 155450K, committed 156800K, reserved 1245184K
  class space    used 20035K, committed 20672K, reserved 1048576K
}
Event: 10602.470 GC heap after
{Heap after GC invocations=110 (full 0):
 garbage-first heap   total 393216K, used 146332K [0x0000000080000000, 0x0000000100000000)
  region size 1024K, 12 young (12288K), 12 survivors (12288K)
 Metaspace       used 155450K, committed 156800K, reserved 1245184K
  class space    used 20035K, committed 20672K, reserved 1048576K
}
Event: 10602.764 GC heap before
{Heap before GC invocations=110 (full 0):
 garbage-first heap   total 393216K, used 152476K [0x0000000080000000, 0x0000000100000000)
  region size 1024K, 19 young (19456K), 12 survivors (12288K)
 Metaspace       used 155472K, committed 156864K, reserved 1245184K
  class space    used 20035K, committed 20672K, reserved 1048576K
}
Event: 10603.057 GC heap after
{Heap after GC invocations=111 (full 0):
 garbage-first heap   total 393216K, used 128867K [0x0000000080000000, 0x0000000100000000)
  region size 1024K, 2 young (2048K), 2 survivors (2048K)
 Metaspace       used 155472K, committed 156864K, reserved 1245184K
  class space    used 20035K, committed 20672K, reserved 1048576K
}
Event: 10603.179 GC heap before
{Heap before GC invocations=111 (full 0):
 garbage-first heap   total 393216K, used 130915K [0x0000000080000000, 0x0000000100000000)
  region size 1024K, 6 young (6144K), 2 survivors (2048K)
 Metaspace       used 155475K, committed 156864K, reserved 1245184K
  class space    used 20035K, committed 20672K, reserved 1048576K
}

