# JRE version: OpenJDK Runtime Environment (17.0.11) (build 17.0.11+0--11852314)
# Java VM: OpenJDK 64-Bit Server VM (17.0.11+0--11852314, mixed mode, tiered, compressed oops, compressed class ptrs, g1 gc, windows-amd64)
GC Precious Log:
 CPUs: 8 total, 8 available
 Memory: 6005M
 Large Page Support: Disabled
 NUMA Support: Disabled
 Compressed Oops: Enabled (32-bit)
 Heap Region Size: 1M
 Heap Min Capacity: 8M
 Heap Initial Capacity: 94M
 Heap Max Capacity: 2G
 Pre-touch: Disabled
 Parallel Workers: 8
 Concurrent Workers: 2
 Concurrent Refinement Workers: 8
 Periodic GC: Disabled
Heap:
 garbage-first heap   total 150528K, used 73496K [0x0000000080000000, 0x0000000100000000)
  region size 1024K, 6 young (6144K), 3 survivors (3072K)
 Metaspace       used 56689K, committed 57280K, reserved 1114112K
  class space    used 7681K, committed 8000K, reserved 1048576K
GC Heap History (20 events):
Event: 6.558 GC heap before
{Heap before GC invocations=11 (full 0):
 garbage-first heap   total 75776K, used 60239K [0x0000000080000000, 0x0000000100000000)
  region size 1024K, 20 young (20480K), 2 survivors (2048K)
 Metaspace       used 42596K, committed 43008K, reserved 1114112K
  class space    used 5801K, committed 6016K, reserved 1048576K
}
Event: 6.561 GC heap after
{Heap after GC invocations=12 (full 0):
 garbage-first heap   total 75776K, used 44005K [0x0000000080000000, 0x0000000100000000)
  region size 1024K, 3 young (3072K), 3 survivors (3072K)
 Metaspace       used 42596K, committed 43008K, reserved 1114112K
  class space    used 5801K, committed 6016K, reserved 1048576K
}
Event: 6.771 GC heap before
{Heap before GC invocations=13 (full 0):
 garbage-first heap   total 76800K, used 60389K [0x0000000080000000, 0x0000000100000000)
  region size 1024K, 20 young (20480K), 3 survivors (3072K)
 Metaspace       used 44545K, committed 44928K, reserved 1114112K
  class space    used 6016K, committed 6208K, reserved 1048576K
}
Event: 6.775 GC heap after
{Heap after GC invocations=14 (full 0):
 garbage-first heap   total 76800K, used 46506K [0x0000000080000000, 0x0000000100000000)
  region size 1024K, 3 young (3072K), 3 survivors (3072K)
 Metaspace       used 44545K, committed 44928K, reserved 1114112K
  class space    used 6016K, committed 6208K, reserved 1048576K
}
Event: 6.877 GC heap before
{Heap before GC invocations=14 (full 0):
 garbage-first heap   total 76800K, used 61866K [0x0000000080000000, 0x0000000100000000)
  region size 1024K, 18 young (18432K), 3 survivors (3072K)
 Metaspace       used 44915K, committed 45312K, reserved 1114112K
  class space    used 6056K, committed 6272K, reserved 1048576K
}
Event: 6.880 GC heap after
{Heap after GC invocations=15 (full 0):
 garbage-first heap   total 76800K, used 46934K [0x0000000080000000, 0x0000000100000000)
  region size 1024K, 2 young (2048K), 2 survivors (2048K)
 Metaspace       used 44915K, committed 45312K, reserved 1114112K
  class space    used 6056K, committed 6272K, reserved 1048576K
}
Event: 7.139 GC heap before
{Heap before GC invocations=16 (full 0):
 garbage-first heap   total 94208K, used 65366K [0x0000000080000000, 0x0000000100000000)
  region size 1024K, 16 young (16384K), 2 survivors (2048K)
 Metaspace       used 47244K, committed 47744K, reserved 1114112K
  class space    used 6288K, committed 6528K, reserved 1048576K
}
Event: 7.141 GC heap after
{Heap after GC invocations=17 (full 0):
 garbage-first heap   total 113664K, used 48243K [0x0000000080000000, 0x0000000100000000)
  region size 1024K, 2 young (2048K), 2 survivors (2048K)
 Metaspace       used 47244K, committed 47744K, reserved 1114112K
  class space    used 6288K, committed 6528K, reserved 1048576K
}
Event: 7.666 GC heap before
{Heap before GC invocations=17 (full 0):
 garbage-first heap   total 113664K, used 81011K [0x0000000080000000, 0x0000000100000000)
  region size 1024K, 33 young (33792K), 2 survivors (2048K)
 Metaspace       used 50126K, committed 50624K, reserved 1114112K
  class space    used 6773K, committed 6976K, reserved 1048576K
}
Event: 7.671 GC heap after
{Heap after GC invocations=18 (full 0):
 garbage-first heap   total 113664K, used 54438K [0x0000000080000000, 0x0000000100000000)
  region size 1024K, 5 young (5120K), 5 survivors (5120K)
 Metaspace       used 50126K, committed 50624K, reserved 1114112K
  class space    used 6773K, committed 6976K, reserved 1048576K
}
Event: 7.778 GC heap before
{Heap before GC invocations=19 (full 0):
 garbage-first heap   total 113664K, used 65702K [0x0000000080000000, 0x0000000100000000)
  region size 1024K, 12 young (12288K), 5 survivors (5120K)
 Metaspace       used 50374K, committed 50816K, reserved 1114112K
  class space    used 6820K, committed 7040K, reserved 1048576K
}
Event: 7.782 GC heap after
{Heap after GC invocations=20 (full 0):
 garbage-first heap   total 113664K, used 61493K [0x0000000080000000, 0x0000000100000000)
  region size 1024K, 2 young (2048K), 2 survivors (2048K)
 Metaspace       used 50374K, committed 50816K, reserved 1114112K
  class space    used 6820K, committed 7040K, reserved 1048576K
}
Event: 7.893 GC heap before
{Heap before GC invocations=21 (full 0):
 garbage-first heap   total 116736K, used 70709K [0x0000000080000000, 0x0000000100000000)
  region size 1024K, 8 young (8192K), 2 survivors (2048K)
 Metaspace       used 50730K, committed 51200K, reserved 1114112K
  class space    used 6845K, committed 7040K, reserved 1048576K
}
Event: 7.895 GC heap after
{Heap after GC invocations=22 (full 0):
 garbage-first heap   total 116736K, used 68479K [0x0000000080000000, 0x0000000100000000)
  region size 1024K, 2 young (2048K), 2 survivors (2048K)
 Metaspace       used 50730K, committed 51200K, reserved 1114112K
  class space    used 6845K, committed 7040K, reserved 1048576K
}
Event: 8.168 GC heap before
{Heap before GC invocations=23 (full 0):
 garbage-first heap   total 122880K, used 85887K [0x0000000080000000, 0x0000000100000000)
  region size 1024K, 17 young (17408K), 2 survivors (2048K)
 Metaspace       used 52865K, committed 53376K, reserved 1114112K
  class space    used 7062K, committed 7296K, reserved 1048576K
}
Event: 8.170 GC heap after
{Heap after GC invocations=24 (full 0):
 garbage-first heap   total 122880K, used 68796K [0x0000000080000000, 0x0000000100000000)
  region size 1024K, 2 young (2048K), 2 survivors (2048K)
 Metaspace       used 52865K, committed 53376K, reserved 1114112K
  class space    used 7062K, committed 7296K, reserved 1048576K
}
Event: 8.414 GC heap before
{Heap before GC invocations=24 (full 0):
 garbage-first heap   total 122880K, used 88252K [0x0000000080000000, 0x0000000100000000)
  region size 1024K, 22 young (22528K), 2 survivors (2048K)
 Metaspace       used 53730K, committed 54336K, reserved 1114112K
  class space    used 7216K, committed 7552K, reserved 1048576K
}
Event: 8.416 GC heap after
{Heap after GC invocations=25 (full 0):
 garbage-first heap   total 122880K, used 70168K [0x0000000080000000, 0x0000000100000000)
  region size 1024K, 3 young (3072K), 3 survivors (3072K)
 Metaspace       used 53730K, committed 54336K, reserved 1114112K
  class space    used 7216K, committed 7552K, reserved 1048576K
}
Event: 8.801 GC heap before
{Heap before GC invocations=26 (full 0):
 garbage-first heap   total 124928K, used 90648K [0x0000000080000000, 0x0000000100000000)
  region size 1024K, 23 young (23552K), 3 survivors (3072K)
 Metaspace       used 56389K, committed 56960K, reserved 1114112K
  class space    used 7641K, committed 7936K, reserved 1048576K
}
Event: 8.804 GC heap after
{Heap after GC invocations=27 (full 0):
 garbage-first heap   total 150528K, used 71448K [0x0000000080000000, 0x0000000100000000)
  region size 1024K, 3 young (3072K), 3 survivors (3072K)
 Metaspace       used 56389K, committed 56960K, reserved 1114112K
  class space    used 7641K, committed 7936K, reserved 1048576K
}

